STAR version=STAR_2.6.1a
STAR compilation time,server,dir=Tue Aug 14 18:24:22 EDT 2018 florence.cshl.edu:/sonas-hs/gingeras/nlsas_norepl/user/dobin/STAR/STAR.master/source
##### DEFAULT parameters:
versionSTAR                       20201
versionGenome                     20101   20200   
parametersFiles                   -   
sysShell                          -
runMode                           alignReads
runThreadN                        1
runDirPerm                        User_RWX
runRNGseed                        777
genomeDir                         ./GenomeDir/
genomeLoad                        NoSharedMemory
genomeFastaFiles                  -   
genomeChainFiles                  -   
genomeSAindexNbases               14
genomeChrBinNbits                 18
genomeSAsparseD                   1
genomeSuffixLengthMax             18446744073709551615
genomeFileSizes                   0   
genomeConsensusFile               -
readFilesType                     Fastx   
readFilesIn                       Read1   Read2   
readFilesPrefix                   -
readFilesCommand                  -   
readMatesLengthsIn                NotEqual
readMapNumber                     18446744073709551615
readNameSeparator                 /   
inputBAMfile                      -
bamRemoveDuplicatesType           -
bamRemoveDuplicatesMate2basesN    0
limitGenomeGenerateRAM            31000000000
limitIObufferSize                 150000000
limitOutSAMoneReadBytes           100000
limitOutSJcollapsed               1000000
limitOutSJoneRead                 1000
limitBAMsortRAM                   0
limitSjdbInsertNsj                1000000
outFileNamePrefix                 ./
outTmpDir                         -
outTmpKeep                        None
outStd                            Log
outReadsUnmapped                  None
outQSconversionAdd                0
outMultimapperOrder               Old_2.4
outSAMtype                        SAM   
outSAMmode                        Full
outSAMstrandField                 None
outSAMattributes                  Standard   
outSAMunmapped                    None   
outSAMorder                       Paired
outSAMprimaryFlag                 OneBestScore
outSAMreadID                      Standard
outSAMmapqUnique                  255
outSAMflagOR                      0
outSAMflagAND                     65535
outSAMattrRGline                  -   
outSAMheaderHD                    -   
outSAMheaderPG                    -   
outSAMheaderCommentFile           -
outBAMcompression                 1
outBAMsortingThreadN              0
outBAMsortingBinsN                50
outSAMfilter                      None   
outSAMmultNmax                    18446744073709551615
outSAMattrIHstart                 1
outSAMtlen                        1
outSJfilterReads                  All
outSJfilterCountUniqueMin         3   1   1   1   
outSJfilterCountTotalMin          3   1   1   1   
outSJfilterOverhangMin            30   12   12   12   
outSJfilterDistToOtherSJmin       10   0   5   10   
outSJfilterIntronMaxVsReadN       50000   100000   200000   
outWigType                        None   
outWigStrand                      Stranded   
outWigReferencesPrefix            -
outWigNorm                        RPM   
outFilterType                     Normal
outFilterMultimapNmax             10
outFilterMultimapScoreRange       1
outFilterScoreMin                 0
outFilterScoreMinOverLread        0.66
outFilterMatchNmin                0
outFilterMatchNminOverLread       0.66
outFilterMismatchNmax             10
outFilterMismatchNoverLmax        0.3
outFilterMismatchNoverReadLmax    1
outFilterIntronMotifs             None
outFilterIntronStrands            RemoveInconsistentStrands
clip5pNbases                      0   
clip3pNbases                      0   
clip3pAfterAdapterNbases          0   
clip3pAdapterSeq                  -   
clip3pAdapterMMp                  0.1   
winBinNbits                       16
winAnchorDistNbins                9
winFlankNbins                     4
winAnchorMultimapNmax             50
winReadCoverageRelativeMin        0.5
winReadCoverageBasesMin           0
scoreGap                          0
scoreGapNoncan                    -8
scoreGapGCAG                      -4
scoreGapATAC                      -8
scoreStitchSJshift                1
scoreGenomicLengthLog2scale       -0.25
scoreDelBase                      -2
scoreDelOpen                      -2
scoreInsOpen                      -2
scoreInsBase                      -2
seedSearchLmax                    0
seedSearchStartLmax               50
seedSearchStartLmaxOverLread      1
seedPerReadNmax                   1000
seedPerWindowNmax                 50
seedNoneLociPerWindow             10
seedMultimapNmax                  10000
seedSplitMin                      12
alignIntronMin                    21
alignIntronMax                    0
alignMatesGapMax                  0
alignTranscriptsPerReadNmax       10000
alignSJoverhangMin                5
alignSJDBoverhangMin              3
alignSJstitchMismatchNmax         0   -1   0   0   
alignSplicedMateMapLmin           0
alignSplicedMateMapLminOverLmate    0.66
alignWindowsPerReadNmax           10000
alignTranscriptsPerWindowNmax     100
alignEndsType                     Local
alignSoftClipAtReferenceEnds      Yes
alignEndsProtrude                 0   ConcordantPair   
alignInsertionFlush               None
peOverlapNbasesMin                0
peOverlapMMp                      0.01
chimSegmentMin                    0
chimScoreMin                      0
chimScoreDropMax                  20
chimScoreSeparation               10
chimScoreJunctionNonGTAG          -1
chimMainSegmentMultNmax           10
chimJunctionOverhangMin           20
chimOutType                       Junctions   
chimFilter                        banGenomicN   
chimSegmentReadGapMax             0
chimMultimapNmax                  0
chimMultimapScoreRange            1
chimNonchimScoreDropMin           20
chimOutJunctionFormat             0   
sjdbFileChrStartEnd               -   
sjdbGTFfile                       -
sjdbGTFchrPrefix                  -
sjdbGTFfeatureExon                exon
sjdbGTFtagExonParentTranscript    transcript_id
sjdbGTFtagExonParentGene          gene_id
sjdbOverhang                      100
sjdbScore                         2
sjdbInsertSave                    Basic
varVCFfile                        -
waspOutputMode                    None
quantMode                         -   
quantTranscriptomeBAMcompression    1
quantTranscriptomeBan             IndelSoftclipSingleend
twopass1readsN                    18446744073709551615
twopassMode                       None
##### Command Line:
STAR --runMode genomeGenerate --runThreadN 24 --genomeDir datasets/small_dataset/references/GRCh38.primary_assembly.chr21.fa_STAR_annotation --genomeFastaFiles datasets/small_dataset/references/GRCh38.primary_assembly.chr21.fa --sjdbGTFfile datasets/small_dataset/references/gencode.v28.primary_assembly.annotation_chr21.gtf
##### Initial USER parameters from Command Line:
###### All USER parameters from Command Line:
runMode                       genomeGenerate     ~RE-DEFINED
runThreadN                    24     ~RE-DEFINED
genomeDir                     datasets/small_dataset/references/GRCh38.primary_assembly.chr21.fa_STAR_annotation     ~RE-DEFINED
genomeFastaFiles              datasets/small_dataset/references/GRCh38.primary_assembly.chr21.fa        ~RE-DEFINED
sjdbGTFfile                   datasets/small_dataset/references/gencode.v28.primary_assembly.annotation_chr21.gtf     ~RE-DEFINED
##### Finished reading parameters from all sources

##### Final user re-defined parameters-----------------:
runMode                           genomeGenerate
runThreadN                        24
genomeDir                         datasets/small_dataset/references/GRCh38.primary_assembly.chr21.fa_STAR_annotation
genomeFastaFiles                  datasets/small_dataset/references/GRCh38.primary_assembly.chr21.fa   
sjdbGTFfile                       datasets/small_dataset/references/gencode.v28.primary_assembly.annotation_chr21.gtf

-------------------------------
##### Final effective command line:
STAR   --runMode genomeGenerate   --runThreadN 24   --genomeDir datasets/small_dataset/references/GRCh38.primary_assembly.chr21.fa_STAR_annotation   --genomeFastaFiles datasets/small_dataset/references/GRCh38.primary_assembly.chr21.fa      --sjdbGTFfile datasets/small_dataset/references/gencode.v28.primary_assembly.annotation_chr21.gtf

##### Final parameters after user input--------------------------------:
versionSTAR                       20201
versionGenome                     20101   20200   
parametersFiles                   -   
sysShell                          -
runMode                           genomeGenerate
runThreadN                        24
runDirPerm                        User_RWX
runRNGseed                        777
genomeDir                         datasets/small_dataset/references/GRCh38.primary_assembly.chr21.fa_STAR_annotation
genomeLoad                        NoSharedMemory
genomeFastaFiles                  datasets/small_dataset/references/GRCh38.primary_assembly.chr21.fa   
genomeChainFiles                  -   
genomeSAindexNbases               14
genomeChrBinNbits                 18
genomeSAsparseD                   1
genomeSuffixLengthMax             18446744073709551615
genomeFileSizes                   0   
genomeConsensusFile               -
readFilesType                     Fastx   
readFilesIn                       Read1   Read2   
readFilesPrefix                   -
readFilesCommand                  -   
readMatesLengthsIn                NotEqual
readMapNumber                     18446744073709551615
readNameSeparator                 /   
inputBAMfile                      -
bamRemoveDuplicatesType           -
bamRemoveDuplicatesMate2basesN    0
limitGenomeGenerateRAM            31000000000
limitIObufferSize                 150000000
limitOutSAMoneReadBytes           100000
limitOutSJcollapsed               1000000
limitOutSJoneRead                 1000
limitBAMsortRAM                   0
limitSjdbInsertNsj                1000000
outFileNamePrefix                 ./
outTmpDir                         -
outTmpKeep                        None
outStd                            Log
outReadsUnmapped                  None
outQSconversionAdd                0
outMultimapperOrder               Old_2.4
outSAMtype                        SAM   
outSAMmode                        Full
outSAMstrandField                 None
outSAMattributes                  Standard   
outSAMunmapped                    None   
outSAMorder                       Paired
outSAMprimaryFlag                 OneBestScore
outSAMreadID                      Standard
outSAMmapqUnique                  255
outSAMflagOR                      0
outSAMflagAND                     65535
outSAMattrRGline                  -   
outSAMheaderHD                    -   
outSAMheaderPG                    -   
outSAMheaderCommentFile           -
outBAMcompression                 1
outBAMsortingThreadN              0
outBAMsortingBinsN                50
outSAMfilter                      None   
outSAMmultNmax                    18446744073709551615
outSAMattrIHstart                 1
outSAMtlen                        1
outSJfilterReads                  All
outSJfilterCountUniqueMin         3   1   1   1   
outSJfilterCountTotalMin          3   1   1   1   
outSJfilterOverhangMin            30   12   12   12   
outSJfilterDistToOtherSJmin       10   0   5   10   
outSJfilterIntronMaxVsReadN       50000   100000   200000   
outWigType                        None   
outWigStrand                      Stranded   
outWigReferencesPrefix            -
outWigNorm                        RPM   
outFilterType                     Normal
outFilterMultimapNmax             10
outFilterMultimapScoreRange       1
outFilterScoreMin                 0
outFilterScoreMinOverLread        0.66
outFilterMatchNmin                0
outFilterMatchNminOverLread       0.66
outFilterMismatchNmax             10
outFilterMismatchNoverLmax        0.3
outFilterMismatchNoverReadLmax    1
outFilterIntronMotifs             None
outFilterIntronStrands            RemoveInconsistentStrands
clip5pNbases                      0   
clip3pNbases                      0   
clip3pAfterAdapterNbases          0   
clip3pAdapterSeq                  -   
clip3pAdapterMMp                  0.1   
winBinNbits                       16
winAnchorDistNbins                9
winFlankNbins                     4
winAnchorMultimapNmax             50
winReadCoverageRelativeMin        0.5
winReadCoverageBasesMin           0
scoreGap                          0
scoreGapNoncan                    -8
scoreGapGCAG                      -4
scoreGapATAC                      -8
scoreStitchSJshift                1
scoreGenomicLengthLog2scale       -0.25
scoreDelBase                      -2
scoreDelOpen                      -2
scoreInsOpen                      -2
scoreInsBase                      -2
seedSearchLmax                    0
seedSearchStartLmax               50
seedSearchStartLmaxOverLread      1
seedPerReadNmax                   1000
seedPerWindowNmax                 50
seedNoneLociPerWindow             10
seedMultimapNmax                  10000
seedSplitMin                      12
alignIntronMin                    21
alignIntronMax                    0
alignMatesGapMax                  0
alignTranscriptsPerReadNmax       10000
alignSJoverhangMin                5
alignSJDBoverhangMin              3
alignSJstitchMismatchNmax         0   -1   0   0   
alignSplicedMateMapLmin           0
alignSplicedMateMapLminOverLmate    0.66
alignWindowsPerReadNmax           10000
alignTranscriptsPerWindowNmax     100
alignEndsType                     Local
alignSoftClipAtReferenceEnds      Yes
alignEndsProtrude                 0   ConcordantPair   
alignInsertionFlush               None
peOverlapNbasesMin                0
peOverlapMMp                      0.01
chimSegmentMin                    0
chimScoreMin                      0
chimScoreDropMax                  20
chimScoreSeparation               10
chimScoreJunctionNonGTAG          -1
chimMainSegmentMultNmax           10
chimJunctionOverhangMin           20
chimOutType                       Junctions   
chimFilter                        banGenomicN   
chimSegmentReadGapMax             0
chimMultimapNmax                  0
chimMultimapScoreRange            1
chimNonchimScoreDropMin           20
chimOutJunctionFormat             0   
sjdbFileChrStartEnd               -   
sjdbGTFfile                       datasets/small_dataset/references/gencode.v28.primary_assembly.annotation_chr21.gtf
sjdbGTFchrPrefix                  -
sjdbGTFfeatureExon                exon
sjdbGTFtagExonParentTranscript    transcript_id
sjdbGTFtagExonParentGene          gene_id
sjdbOverhang                      100
sjdbScore                         2
sjdbInsertSave                    Basic
varVCFfile                        -
waspOutputMode                    None
quantMode                         -   
quantTranscriptomeBAMcompression    1
quantTranscriptomeBan             IndelSoftclipSingleend
twopass1readsN                    18446744073709551615
twopassMode                       None
----------------------------------------

Finished loading and checking parameters
Oct 24 08:18:06 ... starting to generate Genome files
datasets/small_dataset/references/GRCh38.primary_assembly.chr21.fa : chr # 0  "chr21" chrStart: 0
Estimated genome size=247923776   46923776   201000000
GstrandBit=32
Number of SA indices: 80177238
Oct 24 08:18:07 ... starting to sort Suffix Array. This may take a long time...
Number of chunks: 25;   chunks size limit: 27887728 bytes
Oct 24 08:18:07 ... sorting Suffix Array chunks and saving them to disk...
Writing 24063584 bytes into datasets/small_dataset/references/GRCh38.primary_assembly.chr21.fa_STAR_annotation/SA_21 ; empty space on disk = 645573320704 bytes ... done
Writing 24105424 bytes into datasets/small_dataset/references/GRCh38.primary_assembly.chr21.fa_STAR_annotation/SA_19 ; empty space on disk = 645549256704 bytes ... done
Writing 24854488 bytes into datasets/small_dataset/references/GRCh38.primary_assembly.chr21.fa_STAR_annotation/SA_0 ; empty space on disk = 645525147648 bytes ... done
Writing 24344584 bytes into datasets/small_dataset/references/GRCh38.primary_assembly.chr21.fa_STAR_annotation/SA_3 ; empty space on disk = 645500289024 bytes ... done
Writing 26000800 bytes into datasets/small_dataset/references/GRCh38.primary_assembly.chr21.fa_STAR_annotation/SA_15 ; empty space on disk = 645475942400 bytes ... done
Writing 24775880 bytes into datasets/small_dataset/references/GRCh38.primary_assembly.chr21.fa_STAR_annotation/SA_22 ; empty space on disk = 645449940992 bytes ...Writing 25117192 bytes into datasets/small_dataset/references/GRCh38.primary_assembly.chr21.fa_STAR_annotation/SA_10 ; empty space on disk = 645426667520 bytes ... done
 done
Writing 27005768 bytes into datasets/small_dataset/references/GRCh38.primary_assembly.chr21.fa_STAR_annotation/SA_2 ; empty space on disk = 645400043520 bytes ...Writing 27556512 bytes into datasets/small_dataset/references/GRCh38.primary_assembly.chr21.fa_STAR_annotation/SA_17 ; empty space on disk = 645379141632 bytes ... done
 done
Writing 25377368 bytes into datasets/small_dataset/references/GRCh38.primary_assembly.chr21.fa_STAR_annotation/SA_11 ; empty space on disk = 645345476608 bytes ... done
Writing 26355760 bytes into datasets/small_dataset/references/GRCh38.primary_assembly.chr21.fa_STAR_annotation/SA_5 ; empty space on disk = 645320097792 bytes ... done
Writing 27415184 bytes into datasets/small_dataset/references/GRCh38.primary_assembly.chr21.fa_STAR_annotation/SA_18 ; empty space on disk = 645293740032 bytes ... done
Writing 27052056 bytes into datasets/small_dataset/references/GRCh38.primary_assembly.chr21.fa_STAR_annotation/SA_1 ; empty space on disk = 645266321408 bytes ...Writing 26879832 bytes into datasets/small_dataset/references/GRCh38.primary_assembly.chr21.fa_STAR_annotation/SA_16 ; empty space on disk = 645260943360 bytes ... done
 done
Writing 26753528 bytes into datasets/small_dataset/references/GRCh38.primary_assembly.chr21.fa_STAR_annotation/SA_12 ; empty space on disk = 645212385280 bytes ...Writing 25690528 bytes into datasets/small_dataset/references/GRCh38.primary_assembly.chr21.fa_STAR_annotation/SA_7 ; empty space on disk = 645207236608 bytes ...Writing 27013080 bytes into datasets/small_dataset/references/GRCh38.primary_assembly.chr21.fa_STAR_annotation/SA_20 ; empty space on disk = 645183692800 bytes ... done
Writing 26504712 bytes into datasets/small_dataset/references/GRCh38.primary_assembly.chr21.fa_STAR_annotation/SA_4 ; empty space on disk = 645150175232 bytes ... done
 done
 done
Writing 26336128 bytes into datasets/small_dataset/references/GRCh38.primary_assembly.chr21.fa_STAR_annotation/SA_13 ; empty space on disk = 645106417664 bytes ... done
Writing 27621256 bytes into datasets/small_dataset/references/GRCh38.primary_assembly.chr21.fa_STAR_annotation/SA_23 ; empty space on disk = 645080080384 bytes ...Writing 26802464 bytes into datasets/small_dataset/references/GRCh38.primary_assembly.chr21.fa_STAR_annotation/SA_6 ; empty space on disk = 645074714624 bytes ... done
 done
Writing 25045392 bytes into datasets/small_dataset/references/GRCh38.primary_assembly.chr21.fa_STAR_annotation/SA_14 ; empty space on disk = 645025652736 bytes ...Writing 27592496 bytes into datasets/small_dataset/references/GRCh38.primary_assembly.chr21.fa_STAR_annotation/SA_8 ; empty space on disk = 645019918336 bytes ...Writing 26561904 bytes into datasets/small_dataset/references/GRCh38.primary_assembly.chr21.fa_STAR_annotation/SA_9 ; empty space on disk = 644994199552 bytes ... done
 done
 done
Writing 14591984 bytes into datasets/small_dataset/references/GRCh38.primary_assembly.chr21.fa_STAR_annotation/SA_24 ; empty space on disk = 644946448384 bytes ... done
Oct 24 08:18:15 ... loading chunks from disk, packing SA...
Oct 24 08:18:17 ... finished generating suffix array
Oct 24 08:18:17 ... generating Suffix Array index
Oct 24 08:18:35 ... completed Suffix Array index
Oct 24 08:18:35 ..... processing annotations GTF
Processing pGe.sjdbGTFfile=datasets/small_dataset/references/gencode.v28.primary_assembly.annotation_chr21.gtf, found:
		2446 transcripts
		14255 exons (non-collapsed)
		4273 collapsed junctions
Oct 24 08:18:35 ..... finished GTF processing
Oct 24 08:18:35   Loaded database junctions from the GTF file: datasets/small_dataset/references/gencode.v28.primary_assembly.annotation_chr21.gtf: 4273 total junctions

Oct 24 08:18:35   Finished preparing junctions
Oct 24 08:18:35 ..... inserting junctions into the genome indices
Oct 24 08:18:36   Finished SA search: number of new junctions=4273, old junctions=0
Oct 24 08:18:37   Finished sorting SA indicesL nInd=1709200
Genome size with junctions=47782649  46923776   858873
GstrandBit1=32   GstrandBit=32
Oct 24 08:18:38   Finished inserting junction indices
Oct 24 08:18:50   Finished SAi
Oct 24 08:18:50 ..... finished inserting junctions into genome
Oct 24 08:18:50 ... writing Genome to disk ...
Writing 47782649 bytes into datasets/small_dataset/references/GRCh38.primary_assembly.chr21.fa_STAR_annotation/Genome ; empty space on disk = 645572210688 bytes ... done
SA size in bytes: 337781560
Oct 24 08:18:50 ... writing Suffix Array to disk ...
Writing 337781560 bytes into datasets/small_dataset/references/GRCh38.primary_assembly.chr21.fa_STAR_annotation/SA ; empty space on disk = 645524426752 bytes ... done
Oct 24 08:18:51 ... writing SAindex to disk
Writing 8 bytes into datasets/small_dataset/references/GRCh38.primary_assembly.chr21.fa_STAR_annotation/SAindex ; empty space on disk = 645186641920 bytes ... done
Writing 120 bytes into datasets/small_dataset/references/GRCh38.primary_assembly.chr21.fa_STAR_annotation/SAindex ; empty space on disk = 645186641920 bytes ... done
Writing 1565873491 bytes into datasets/small_dataset/references/GRCh38.primary_assembly.chr21.fa_STAR_annotation/SAindex ; empty space on disk = 645186641920 bytes ... done
Oct 24 08:18:52 ..... finished successfully
DONE: Genome generation, EXITING
