Building DAG of jobs...
Using shell: /bin/bash
Provided cores: 24
Rules claiming more threads will be scaled down.
Job counts:
	count	jobs
	1	all
	2	filteron_R1_sequence
	3

[Tue Aug  6 10:11:19 2019]
rule filteron_R1_sequence:
    input: tmp_coli/V8-E-coli_S13_R1_001subs.fastq.gz, tmp_coli/V8-E-coli_S13_R2_001subs.fastq.gz
    output: output_coli/LOGS/BBDUK/V8-E-coli_S13_filteringbasedonR1.log, tmp_coli/V8-E-coli_S13_R1_001filtered.fastq.gz, tmp_coli/V8-E-coli_S13_R2_001filtered.fastq.gz
    log: output_coli/LOGS/BBDUK/trimming_V8-E-coli_S13.log
    jobid: 2
    benchmark: benchmarks/filteringR1_V8-E-coli_S13.log
    wildcards: stem=V8-E-coli_S13
    threads: 8


[Tue Aug  6 10:11:19 2019]
rule filteron_R1_sequence:
    input: tmp_coli/ODN-E-coli-1_S1_R1_001subs.fastq.gz, tmp_coli/ODN-E-coli-1_S1_R2_001subs.fastq.gz
    output: output_coli/LOGS/BBDUK/ODN-E-coli-1_S1_filteringbasedonR1.log, tmp_coli/ODN-E-coli-1_S1_R1_001filtered.fastq.gz, tmp_coli/ODN-E-coli-1_S1_R2_001filtered.fastq.gz
    log: output_coli/LOGS/BBDUK/trimming_ODN-E-coli-1_S1.log
    jobid: 1
    benchmark: benchmarks/filteringR1_ODN-E-coli-1_S1.log
    wildcards: stem=ODN-E-coli-1_S1
    threads: 8

Removing temporary output file tmp_coli/V8-E-coli_S13_R1_001subs.fastq.gz.
Removing temporary output file tmp_coli/V8-E-coli_S13_R2_001subs.fastq.gz.
Removing temporary output file tmp_coli/V8-E-coli_S13_R2_001filtered.fastq.gz.
[Tue Aug  6 10:11:26 2019]
Finished job 2.
1 of 3 steps (33%) done
Removing temporary output file tmp_coli/ODN-E-coli-1_S1_R2_001subs.fastq.gz.
Removing temporary output file tmp_coli/ODN-E-coli-1_S1_R1_001subs.fastq.gz.
Removing temporary output file tmp_coli/ODN-E-coli-1_S1_R2_001filtered.fastq.gz.
[Tue Aug  6 10:11:27 2019]
Finished job 1.
2 of 3 steps (67%) done

[Tue Aug  6 10:11:27 2019]
localrule all:
    input: output_coli/MULTIQC/fastqc_report_trimmed_reads.html, tmp_coli/ODN-E-coli-1_S1_contigs.fasta, tmp_coli/V8-E-coli_S13_contigs.fasta, tmp_coli/ODN-E-coli-1_S1_contigs_rRNA.gtf, tmp_coli/V8-E-coli_S13_contigs_rRNA.gtf, tmp_coli/ODN-E-coli-1_S1_R1_001filtered.fastq.gz, tmp_coli/V8-E-coli_S13_R1_001filtered.fastq.gz
    jobid: 0

Removing temporary output file tmp_coli/ODN-E-coli-1_S1_R1_001filtered.fastq.gz.
Removing temporary output file tmp_coli/V8-E-coli_S13_R1_001filtered.fastq.gz.
[Tue Aug  6 10:11:27 2019]
Finished job 0.
3 of 3 steps (100%) done
Complete log: /media/root/ocean/projects/ga/bracken_ribo_count/.snakemake/log/2019-08-06T101119.555297.snakemake.log
