Building DAG of jobs...
Using shell: /bin/bash
Provided cores: 24
Rules claiming more threads will be scaled down.
Job counts:
	count	jobs
	1	agregate_count
	1	all
	1	assemble
	1	count_reads
	1	cp_read_counts
	1	detect_rRNA
	2	fastqc
	1	filter_16S_having_reads
	1	filter_primer_sequence_having_reads
	1	multiqc_pro
	1	subsample
	1	trim_adapters
	13

[Tue Aug  6 12:04:02 2019]
rule trim_adapters:
    input: tmp_coli/ODN-E-coli-1_S1_R1_001.fastq.gz, tmp_coli/ODN-E-coli-1_S1_R2_001.fastq.gz
    output: output_coli/LOGS/BBDUK/ODN-E-coli-1_S1_contamination.log, tmp_coli/ODN-E-coli-1_S1_R1_001Trimmed.fastq.gz, tmp_coli/ODN-E-coli-1_S1_R2_001Trimmed.fastq.gz
    log: output_coli/LOGS/BBDUK/trimming_ODN-E-coli-1_S1.log
    jobid: 9
    benchmark: benchmarks/trimming_ODN-E-coli-1_S1.log
    wildcards: stem=ODN-E-coli-1_S1
    threads: 8

[Tue Aug  6 12:04:11 2019]
Finished job 9.
1 of 13 steps (8%) done

[Tue Aug  6 12:04:11 2019]
rule fastqc:
    input: tmp_coli/ODN-E-coli-1_S1_R2_001Trimmed.fastq.gz
    output: output_coli/fastqc_report_htmls_zips/ODN-E-coli-1_S1_R2_001Trimmed_fastqc.zip, output_coli/fastqc_report_htmls_zips/ODN-E-coli-1_S1_R2_001Trimmed_fastqc.html
    log: output_coli/LOGS/FASTQC/ODN-E-coli-1_S1_R2_001Trimmed.log
    jobid: 5
    benchmark: benchmarks/fastqc_ODN-E-coli-1_S1_R2_001Trimmed.log
    wildcards: stem=ODN-E-coli-1_S1_R2_001Trimmed


[Tue Aug  6 12:04:11 2019]
rule count_reads:
    input: tmp_coli/ODN-E-coli-1_S1_R1_001.fastq.gz, tmp_coli/ODN-E-coli-1_S1_R1_001Trimmed.fastq.gz
    output: tmp_coli/ODN-E-coli-1_S1_read_counts.txt
    jobid: 15
    benchmark: benchmarks/ODN-E-coli-1_S1_count_reads.log
    wildcards: stem=ODN-E-coli-1_S1


[Tue Aug  6 12:04:11 2019]
rule fastqc:
    input: tmp_coli/ODN-E-coli-1_S1_R1_001Trimmed.fastq.gz
    output: output_coli/fastqc_report_htmls_zips/ODN-E-coli-1_S1_R1_001Trimmed_fastqc.zip, output_coli/fastqc_report_htmls_zips/ODN-E-coli-1_S1_R1_001Trimmed_fastqc.html
    log: output_coli/LOGS/FASTQC/ODN-E-coli-1_S1_R1_001Trimmed.log
    jobid: 6
    benchmark: benchmarks/fastqc_ODN-E-coli-1_S1_R1_001Trimmed.log
    wildcards: stem=ODN-E-coli-1_S1_R1_001Trimmed

[Tue Aug  6 12:04:18 2019]
Finished job 15.
2 of 13 steps (15%) done

[Tue Aug  6 12:04:18 2019]
rule agregate_count:
    input: tmp_coli/ODN-E-coli-1_S1_read_counts.txt
    output: tmp_coli/read_counts.txt
    jobid: 13

[Tue Aug  6 12:04:18 2019]
Finished job 13.
3 of 13 steps (23%) done

[Tue Aug  6 12:04:18 2019]
rule cp_read_counts:
    input: tmp_coli/read_counts.txt
    output: output_coli/read_counts.txt
    jobid: 10

[Tue Aug  6 12:04:18 2019]
Finished job 10.
4 of 13 steps (31%) done

[Tue Aug  6 12:04:18 2019]
rule subsample:
    input: tmp_coli/ODN-E-coli-1_S1_R1_001Trimmed.fastq.gz, tmp_coli/ODN-E-coli-1_S1_R2_001Trimmed.fastq.gz, output_coli/read_counts.txt
    output: tmp_coli/ODN-E-coli-1_S1_R1_001subs.fastq.gz, tmp_coli/ODN-E-coli-1_S1_R2_001subs.fastq.gz
    log: output_coli/LOGS/SEQTK/R1/ODN-E-coli-1_S1.log, output_coli/LOGS/SEQTK/R2/ODN-E-coli-1_S1.log
    jobid: 8
    benchmark: benchmarks/ODN-E-coli-1_S1_subsampling.log
    wildcards: stem=ODN-E-coli-1_S1
    threads: 4

[Tue Aug  6 12:04:28 2019]
Finished job 5.
5 of 13 steps (38%) done
[Tue Aug  6 12:04:35 2019]
Finished job 6.
6 of 13 steps (46%) done

[Tue Aug  6 12:04:35 2019]
rule multiqc_pro:
    input: output_coli/fastqc_report_htmls_zips/ODN-E-coli-1_S1_R1_001Trimmed_fastqc.zip, output_coli/fastqc_report_htmls_zips/ODN-E-coli-1_S1_R2_001Trimmed_fastqc.zip
    output: output_coli/MULTIQC/fastqc_report_trimmed_reads.html, output_coli/MULTIQC/fastqc_report_trimmed_reads_data
    jobid: 1
    benchmark: benchmarks/multi_qc.log

Removing temporary output file tmp_coli/ODN-E-coli-1_S1_R1_001Trimmed.fastq.gz.
Removing temporary output file tmp_coli/ODN-E-coli-1_S1_R2_001Trimmed.fastq.gz.
[Tue Aug  6 12:04:40 2019]
Finished job 8.
7 of 13 steps (54%) done

[Tue Aug  6 12:04:40 2019]
rule filter_primer_sequence_having_reads:
    input: tmp_coli/ODN-E-coli-1_S1_R1_001subs.fastq.gz, tmp_coli/ODN-E-coli-1_S1_R2_001subs.fastq.gz
    output: output_coli/LOGS/BBDUK/ODN-E-coli-1_S1_filteringbasedonR1.log, tmp_coli/ODN-E-coli-1_S1_R1_001filtered.fastq.gz, tmp_coli/ODN-E-coli-1_S1_R2_001filtered.fastq.gz
    log: output_coli/LOGS/filteringR1_ODN-E-coli-1_S1.log
    jobid: 4
    benchmark: benchmarks/filteringR1_ODN-E-coli-1_S1.log
    wildcards: stem=ODN-E-coli-1_S1
    threads: 8

Removing temporary output file tmp_coli/ODN-E-coli-1_S1_R1_001subs.fastq.gz.
Removing temporary output file tmp_coli/ODN-E-coli-1_S1_R2_001subs.fastq.gz.
[Tue Aug  6 12:04:44 2019]
Finished job 4.
8 of 13 steps (62%) done

[Tue Aug  6 12:04:44 2019]
rule filter_16S_having_reads:
    input: tmp_coli/ODN-E-coli-1_S1_R1_001filtered.fastq.gz, tmp_coli/ODN-E-coli-1_S1_R2_001filtered.fastq.gz
    output: output_coli/LOGS/BBDUK/ODN-E-coli-1_S1_filtering16s.log, tmp_coli/ODN-E-coli-1_S1_R1_001filtered16s.fastq.gz, tmp_coli/ODN-E-coli-1_S1_R2_001filtered16s.fastq.gz
    log: output_coli/LOGS/filtering16s_ODN-E-coli-1_S1.log
    jobid: 7
    benchmark: benchmarks/filtering16s_ODN-E-coli-1_S1.log
    wildcards: stem=ODN-E-coli-1_S1
    threads: 8

[Tue Aug  6 12:04:44 2019]
Finished job 1.
9 of 13 steps (69%) done
Terminating processes on user request, this might take some time.
    [Tue Aug  6 12:05:28 2019]
    Error in rule filter_16S_having_reads:
        jobid: 7
        output: output_coli/LOGS/BBDUK/ODN-E-coli-1_S1_filtering16s.log, tmp_coli/ODN-E-coli-1_S1_R1_001filtered16s.fastq.gz, tmp_coli/ODN-E-coli-1_S1_R2_001filtered16s.fastq.gz
        log: output_coli/LOGS/filtering16s_ODN-E-coli-1_S1.log

RuleException:
CalledProcessError in line 79 of /media/root/ocean/projects/ga/bracken_ribo_count/snakefiles/4_0_assembly.smk:
Command ' set -euo pipefail;  bbduk.sh in=tmp_coli/ODN-E-coli-1_S1_R1_001filtered.fastq.gz outm=tmp_coli/ODN-E-coli-1_S1_R1_001filtered16s.fastq.gz in2=tmp_coli/ODN-E-coli-1_S1_R2_001filtered.fastq.gz outm2=tmp_coli/ODN-E-coli-1_S1_R2_001filtered16s.fastq.gz ref=/media/root/ocean/Databases/SILVA/SILVA_132_SSURef_Nr99_tax_silva.fasta threads=8 stats=output_coli/LOGS/BBDUK/ODN-E-coli-1_S1_filtering16s.log overwrite=t -Xmx4g 2> output_coli/LOGS/filtering16s_ODN-E-coli-1_S1.log ' returned non-zero exit status 130.
  File "/media/root/ocean/projects/ga/bracken_ribo_count/snakefiles/4_0_assembly.smk", line 79, in __rule_filter_16S_having_reads
  File "/media/root/ocean/shared/bin/miniconda/envs/brc/lib/python3.6/concurrent/futures/thread.py", line 56, in run
Complete log: /media/root/ocean/projects/ga/bracken_ribo_count/.snakemake/log/2019-08-06T120402.256545.snakemake.log
