Building DAG of jobs...
Using shell: /bin/bash
Provided cores: 24
Rules claiming more threads will be scaled down.
Job counts:
	count	jobs
	1	all
	1	match_pairs_after_filtering
	2

[Wed Aug  7 19:15:01 2019]
rule match_pairs_after_filtering:
    input: tmp_coli/ODN-E-coli-1_S1_R1_001filtered_withr1primer.fastq.gz, tmp_coli/ODN-E-coli-1_S1_R2_001filtered_wor1primer_retrim.fastq.gz
    output: tmp_coli/ODN-E-coli-1_S1_R1_001filtered_repaired.fastq.gz, tmp_coli/ODN-E-coli-1_S1_R2_001filtered_repaired.fastq.gz
    log: output_coli/LOGS/rematchingpairs_ODN-E-coli-1_S1.log
    jobid: 1
    benchmark: benchmarks/filteringR1_ODN-E-coli-1_S1.log
    wildcards: stem=ODN-E-coli-1_S1
    threads: 8

repair.sh in=tmp_coli/ODN-E-coli-1_S1_R1_001filtered_withr1primer.fastq.gz out=tmp_coli/ODN-E-coli-1_S1_R1_001filtered_repaired.fastq.gz  in2=tmp_coli/ODN-E-coli-1_S1_R2_001filtered_wor1primer_retrim.fastq.gz out2=tmp_coli/ODN-E-coli-1_S1_R2_001filtered_repaired.fastq.gz threads=8 -Xmx4g &> output_coli/LOGS/rematchingpairs_ODN-E-coli-1_S1.log
[Wed Aug  7 19:15:02 2019]
Finished job 1.
1 of 2 steps (50%) done

[Wed Aug  7 19:15:02 2019]
localrule all:
    input: tmp_coli/ODN-E-coli-1_S1_R1_001filtered_repaired.fastq.gz, tmp_coli/ODN-E-coli-1_S1_R2_001filtered_wor1primer_retrim.fastq.gz, tmp_coli/ODN-E-coli-1_S1_R1_001filtered_withr1primer.fastq.gz
    jobid: 0

[Wed Aug  7 19:15:02 2019]
Finished job 0.
2 of 2 steps (100%) done
Complete log: /media/root/ocean/projects/ga/bracken_ribo_count/.snakemake/log/2019-08-07T191500.727726.snakemake.log
