Building DAG of jobs...
Using shell: /bin/bash
Provided cores: 1
Rules claiming more threads will be scaled down.
Job counts:
	count	jobs
	1	agregate_count
	1	all
	2	assemble
	1	count_reads
	1	cp_read_counts
	1	detect_rRNA
	2	fastqc
	2	filter_primer_sequence_having_reads
	1	generate_script_for_merging_files
	2	get_fastq1
	2	get_fastq2
	1	multiqc_pro
	2	subsample
	2	trim_adapters
	21

[Wed Aug  7 10:44:37 2019]
rule generate_script_for_merging_files:
    input: dependencies/slimfastq/slimfastq
    output: tmp_coli/filter_size/ODN-E-coli-1_S1R1_input_list.sh, tmp_coli/filter_size/ODN-E-coli-1_S1R2_input_list.sh
    jobid: 21
    wildcards: stem=filter_size/ODN-E-coli-1_S1

Shutting down, this might take some time.
Exiting because a job execution failed. Look above for error message
Complete log: /media/root/ocean/projects/ga/bracken_ribo_count/.snakemake/log/2019-08-07T104437.037633.snakemake.log
