Building DAG of jobs...
Using shell: /bin/bash
Provided cores: 1
Rules claiming more threads will be scaled down.
Job counts:
	count	jobs
	1	agregate_count
	1	all
	1	assemble
	1	count_reads
	1	cp_read_counts
	1	custer
	1	detect_rRNA
	2	fastqc
	1	filter_primer_sequence_having_reads
	1	filter_size
	1	merge_reads
	1	multiqc_pro
	1	subsample
	1	trim_adapters
	15

[Wed Aug  7 12:30:45 2019]
rule trim_adapters:
    input: tmp_coli/ODN-E-coli-1_S1_R1_001.fastq.gz, tmp_coli/ODN-E-coli-1_S1_R2_001.fastq.gz
    output: output_coli/LOGS/BBDUK/ODN-E-coli-1_S1_contamination.log, tmp_coli/ODN-E-coli-1_S1_R1_001Trimmed.fastq.gz, tmp_coli/ODN-E-coli-1_S1_R2_001Trimmed.fastq.gz
    log: output_coli/LOGS/BBDUK/trimming_ODN-E-coli-1_S1.log
    jobid: 10
    benchmark: benchmarks/trimming_ODN-E-coli-1_S1.log
    wildcards: stem=ODN-E-coli-1_S1

Terminating processes on user request, this might take some time.
    [Wed Aug  7 12:30:49 2019]
    Error in rule trim_adapters:
        jobid: 10
        output: output_coli/LOGS/BBDUK/ODN-E-coli-1_S1_contamination.log, tmp_coli/ODN-E-coli-1_S1_R1_001Trimmed.fastq.gz, tmp_coli/ODN-E-coli-1_S1_R2_001Trimmed.fastq.gz
        log: output_coli/LOGS/BBDUK/trimming_ODN-E-coli-1_S1.log

RuleException:
CalledProcessError in line 40 of /media/root/ocean/projects/ga/bracken_ribo_count/snakefiles/3_0_processing.smk:
Command ' set -euo pipefail;  bbduk.sh in=tmp_coli/ODN-E-coli-1_S1_R1_001.fastq.gz out=tmp_coli/ODN-E-coli-1_S1_R1_001Trimmed.fastq.gz in2=tmp_coli/ODN-E-coli-1_S1_R2_001.fastq.gz out2=tmp_coli/ODN-E-coli-1_S1_R2_001Trimmed.fastq.gz ref=datasets/bbmap/two_short.fa threads=1 ktrim=r k=23 mink=11 hdist=1 minlength=100 maxns=1 qtrim=r trimq=15 tpe tbo threads=1 stats=output_coli/LOGS/BBDUK/ODN-E-coli-1_S1_contamination.log overwrite=t -Xmx4g 2> output_coli/LOGS/BBDUK/trimming_ODN-E-coli-1_S1.log ' returned non-zero exit status 130.
  File "/media/root/ocean/projects/ga/bracken_ribo_count/snakefiles/3_0_processing.smk", line 40, in __rule_trim_adapters
  File "/media/root/ocean/shared/bin/miniconda/envs/brc/lib/python3.6/concurrent/futures/thread.py", line 56, in run
Removing output files of failed job trim_adapters since they might be corrupted:
tmp_coli/ODN-E-coli-1_S1_R1_001Trimmed.fastq.gz, tmp_coli/ODN-E-coli-1_S1_R2_001Trimmed.fastq.gz
Complete log: /media/root/ocean/projects/ga/bracken_ribo_count/.snakemake/log/2019-08-07T123045.117903.snakemake.log
