Building DAG of jobs...
Using shell: /bin/bash
Provided cores: 24
Rules claiming more threads will be scaled down.
Job counts:
	count	jobs
	1	all
	1	retrim_R2_adapters_from_primers
	2

[Wed Aug  7 18:47:34 2019]
rule retrim_R2_adapters_from_primers:
    input: tmp_coli/ODN-E-coli-1_S1_R2_001filtered_wor1primer.fastq.gz
    output: output_coli/LOGS/BBDUK/ODN-E-coli-1_S1_r2retriming.log, tmp_coli/ODN-E-coli-1_S1_R2_001filtered_wor1primer_retrim.fastq.gz
    log: output_coli/LOGS/BBDUK/r2retrimming_ODN-E-coli-1_S1.log
    jobid: 3
    benchmark: benchmarks/trimming_ODN-E-coli-1_S1.log
    wildcards: stem=ODN-E-coli-1_S1
    threads: 8

[Wed Aug  7 18:47:35 2019]
Finished job 3.
1 of 2 steps (50%) done

[Wed Aug  7 18:47:35 2019]
localrule all:
    input: tmp_coli/ODN-E-coli-1_S1_R1_001filtered.fastq.gz, tmp_coli/ODN-E-coli-1_S1_R2_001filtered_wor1primer_retrim.fastq.gz, tmp_coli/ODN-E-coli-1_S1_R1_001filtered_withr1primer.fastq.gz
    jobid: 0

[Wed Aug  7 18:47:35 2019]
Finished job 0.
2 of 2 steps (100%) done
Complete log: /media/root/ocean/projects/ga/bracken_ribo_count/.snakemake/log/2019-08-07T184733.690297.snakemake.log
