Building DAG of jobs...
Using shell: /bin/bash
Provided cores: 24
Rules claiming more threads will be scaled down.
Job counts:
	count	jobs
	1	all
	1	assemble
	1	custer
	1	detect_rRNA
	1	filter_size
	5

[Wed Aug  7 14:00:12 2019]
rule assemble:
    input: tmp_coli/ODN-E-coli-1_S1_R1_001unmerged.fastq.gz, tmp_coli/ODN-E-coli-1_S1_R2_001unmerged.fastq.gz, tmp_coli/ODN-E-coli-1_S1_001merged.fastq.gz
    output: tmp_coli/ODN-E-coli-1_S1_contigs.fasta, tmp_coli/ODN-E-coli-1_S1.fastg
    jobid: 8
    benchmark: bench_coli/assemble_ODN-E-coli-1_S1.log
    wildcards: stem=ODN-E-coli-1_S1
    threads: 12

[Wed Aug  7 14:01:01 2019]
Finished job 8.
1 of 5 steps (20%) done

[Wed Aug  7 14:01:01 2019]
rule filter_size:
    input: tmp_coli/ODN-E-coli-1_S1_contigs.fasta
    output: tmp_coli/ODN-E-coli-1_S1_contigs_size_filtered.fasta
    jobid: 3
    wildcards: stem=ODN-E-coli-1_S1_contigs

[Wed Aug  7 14:01:01 2019]
Finished job 3.
2 of 5 steps (40%) done

[Wed Aug  7 14:01:01 2019]
rule custer:
    input: tmp_coli/ODN-E-coli-1_S1_contigs_size_filtered.fasta
    output: tmp_coli/ODN-E-coli-1_S1_contigs_size_filtered_clustered.fasta
    jobid: 9
    wildcards: stem=ODN-E-coli-1_S1_contigs_size_filtered
    threads: 12

[Wed Aug  7 14:01:01 2019]
Finished job 9.
3 of 5 steps (60%) done

[Wed Aug  7 14:01:01 2019]
rule detect_rRNA:
    input: tmp_coli/ODN-E-coli-1_S1_contigs_size_filtered_clustered.fasta
    output: tmp_coli/ODN-E-coli-1_S1_contigs_size_filtered_clustered_rRNA.gtf
    log: tmp_coli/ODN-E-coli-1_S1_contigs_size_filtered_clustered_contigs_rRNA.log
    jobid: 4
    wildcards: stem=ODN-E-coli-1_S1_contigs_size_filtered_clustered
    threads: 12

[Wed Aug  7 14:01:03 2019]
Finished job 4.
4 of 5 steps (80%) done

[Wed Aug  7 14:01:03 2019]
localrule all:
    input: output_coli/MULTIQC/fastqc_report_trimmed_reads.html, tmp_coli/ODN-E-coli-1_S1_contigs_size_filtered.fasta, tmp_coli/ODN-E-coli-1_S1_contigs_size_filtered_clustered_rRNA.gtf, tmp_coli/ODN-E-coli-1_S1_R1_001filtered.fastq.gz
    jobid: 0

[Wed Aug  7 14:01:03 2019]
Finished job 0.
5 of 5 steps (100%) done
Complete log: /media/root/ocean/projects/ga/bracken_ribo_count/.snakemake/log/2019-08-07T140011.651834.snakemake.log
