Building DAG of jobs...
Using shell: /bin/bash
Provided cores: 24
Rules claiming more threads will be scaled down.
Job counts:
	count	jobs
	1	all
	1	multiqc_pro
	2

[Mon Aug  5 14:13:00 2019]
rule multiqc_pro:
    input: output_small_dataset/fastqc_report_htmls_zips/HBR_100_Collibri_chr21small_A_R1_001Trimmed_fastqc.zip, output_small_dataset/fastqc_report_htmls_zips/HBR_100_Collibri_chr21small_A_R2_001Trimmed_fastqc.zip
    output: output_small_dataset/MULTIQC/fastqc_report_trimmed_reads.html, output_small_dataset/MULTIQC/fastqc_report_trimmed_reads_data
    jobid: 1
    benchmark: benchmarks/multi_qc.log

[Mon Aug  5 14:13:08 2019]
Finished job 1.
1 of 2 steps (50%) done

[Mon Aug  5 14:13:08 2019]
localrule all:
    input: output_small_dataset/MULTIQC/fastqc_report_trimmed_reads.html
    jobid: 0

[Mon Aug  5 14:13:08 2019]
Finished job 0.
2 of 2 steps (100%) done
Complete log: /media/root/ocean/projects/ga/bracken_ribo_count/.snakemake/log/2019-08-05T141300.097111.snakemake.log
