Building DAG of jobs...
Using shell: /bin/bash
Provided cores: 24
Rules claiming more threads will be scaled down.
Job counts:
	count	jobs
	1	all
	4	fastqc
	2	get_fastq1
	2	get_fastq2
	1	multiqc_pro
	2	trim_adapters
	12

[Mon Aug  5 14:19:35 2019]
rule get_fastq1:
    input: tmp_coli/ODN-E-coli-2_S2R1_input_list.sh
    output: tmp_coli/ODN-E-coli-2_S2_R1_001.fastq.gz
    jobid: 11
    wildcards: stem=ODN-E-coli-2_S2


[Mon Aug  5 14:19:35 2019]
rule get_fastq2:
    input: tmp_coli/ODN-E-coli-1_S1R2_input_list.sh
    output: tmp_coli/ODN-E-coli-1_S1_R2_001.fastq.gz
    jobid: 9
    wildcards: stem=ODN-E-coli-1_S1


[Mon Aug  5 14:19:35 2019]
rule get_fastq1:
    input: tmp_coli/ODN-E-coli-1_S1R1_input_list.sh
    output: tmp_coli/ODN-E-coli-1_S1_R1_001.fastq.gz
    jobid: 8
    wildcards: stem=ODN-E-coli-1_S1


[Mon Aug  5 14:19:35 2019]
rule get_fastq2:
    input: tmp_coli/ODN-E-coli-2_S2R2_input_list.sh
    output: tmp_coli/ODN-E-coli-2_S2_R2_001.fastq.gz
    jobid: 10
    wildcards: stem=ODN-E-coli-2_S2

[Mon Aug  5 14:20:05 2019]
Finished job 11.
1 of 12 steps (8%) done
[Mon Aug  5 14:20:09 2019]
Finished job 10.
2 of 12 steps (17%) done

[Mon Aug  5 14:20:09 2019]
rule trim_adapters:
    input: tmp_coli/ODN-E-coli-2_S2_R1_001.fastq.gz, tmp_coli/ODN-E-coli-2_S2_R2_001.fastq.gz
    output: output_coli/LOGS/BBDUK/ODN-E-coli-2_S2_contamination.log, tmp_coli/ODN-E-coli-2_S2_R1_001Trimmed.fastq.gz, tmp_coli/ODN-E-coli-2_S2_R2_001Trimmed.fastq.gz
    log: output_coli/LOGS/BBDUK/trimming_ODN-E-coli-2_S2.log
    jobid: 7
    benchmark: benchmarks/trimming_ODN-E-coli-2_S2.log
    wildcards: stem=ODN-E-coli-2_S2
    threads: 8

[Mon Aug  5 14:20:11 2019]
Finished job 8.
3 of 12 steps (25%) done
[Mon Aug  5 14:20:17 2019]
Finished job 9.
4 of 12 steps (33%) done

[Mon Aug  5 14:20:17 2019]
rule trim_adapters:
    input: tmp_coli/ODN-E-coli-1_S1_R1_001.fastq.gz, tmp_coli/ODN-E-coli-1_S1_R2_001.fastq.gz
    output: output_coli/LOGS/BBDUK/ODN-E-coli-1_S1_contamination.log, tmp_coli/ODN-E-coli-1_S1_R1_001Trimmed.fastq.gz, tmp_coli/ODN-E-coli-1_S1_R2_001Trimmed.fastq.gz
    log: output_coli/LOGS/BBDUK/trimming_ODN-E-coli-1_S1.log
    jobid: 6
    benchmark: benchmarks/trimming_ODN-E-coli-1_S1.log
    wildcards: stem=ODN-E-coli-1_S1
    threads: 8

[Mon Aug  5 14:20:24 2019]
Finished job 7.
5 of 12 steps (42%) done

[Mon Aug  5 14:20:24 2019]
rule fastqc:
    input: tmp_coli/ODN-E-coli-2_S2_R2_001Trimmed.fastq.gz
    output: output_coli/fastqc_report_htmls_zips/ODN-E-coli-2_S2_R2_001Trimmed_fastqc.zip, output_coli/fastqc_report_htmls_zips/ODN-E-coli-2_S2_R2_001Trimmed_fastqc.html
    log: output_coli/LOGS/FASTQC/ODN-E-coli-2_S2_R2_001Trimmed.log
    jobid: 5
    benchmark: benchmarks/fastqc_ODN-E-coli-2_S2_R2_001Trimmed.log
    wildcards: stem=ODN-E-coli-2_S2_R2_001Trimmed


[Mon Aug  5 14:20:24 2019]
rule fastqc:
    input: tmp_coli/ODN-E-coli-2_S2_R1_001Trimmed.fastq.gz
    output: output_coli/fastqc_report_htmls_zips/ODN-E-coli-2_S2_R1_001Trimmed_fastqc.zip, output_coli/fastqc_report_htmls_zips/ODN-E-coli-2_S2_R1_001Trimmed_fastqc.html
    log: output_coli/LOGS/FASTQC/ODN-E-coli-2_S2_R1_001Trimmed.log
    jobid: 3
    benchmark: benchmarks/fastqc_ODN-E-coli-2_S2_R1_001Trimmed.log
    wildcards: stem=ODN-E-coli-2_S2_R1_001Trimmed

[Mon Aug  5 14:20:30 2019]
Finished job 6.
6 of 12 steps (50%) done

[Mon Aug  5 14:20:30 2019]
rule fastqc:
    input: tmp_coli/ODN-E-coli-1_S1_R2_001Trimmed.fastq.gz
    output: output_coli/fastqc_report_htmls_zips/ODN-E-coli-1_S1_R2_001Trimmed_fastqc.zip, output_coli/fastqc_report_htmls_zips/ODN-E-coli-1_S1_R2_001Trimmed_fastqc.html
    log: output_coli/LOGS/FASTQC/ODN-E-coli-1_S1_R2_001Trimmed.log
    jobid: 2
    benchmark: benchmarks/fastqc_ODN-E-coli-1_S1_R2_001Trimmed.log
    wildcards: stem=ODN-E-coli-1_S1_R2_001Trimmed


[Mon Aug  5 14:20:30 2019]
rule fastqc:
    input: tmp_coli/ODN-E-coli-1_S1_R1_001Trimmed.fastq.gz
    output: output_coli/fastqc_report_htmls_zips/ODN-E-coli-1_S1_R1_001Trimmed_fastqc.zip, output_coli/fastqc_report_htmls_zips/ODN-E-coli-1_S1_R1_001Trimmed_fastqc.html
    log: output_coli/LOGS/FASTQC/ODN-E-coli-1_S1_R1_001Trimmed.log
    jobid: 4
    benchmark: benchmarks/fastqc_ODN-E-coli-1_S1_R1_001Trimmed.log
    wildcards: stem=ODN-E-coli-1_S1_R1_001Trimmed

[Mon Aug  5 14:20:55 2019]
Finished job 3.
7 of 12 steps (58%) done
[Mon Aug  5 14:20:56 2019]
Finished job 4.
8 of 12 steps (67%) done
[Mon Aug  5 14:20:58 2019]
Finished job 5.
9 of 12 steps (75%) done
[Mon Aug  5 14:21:02 2019]
Finished job 2.
10 of 12 steps (83%) done

[Mon Aug  5 14:21:02 2019]
rule multiqc_pro:
    input: output_coli/fastqc_report_htmls_zips/ODN-E-coli-1_S1_R1_001Trimmed_fastqc.zip, output_coli/fastqc_report_htmls_zips/ODN-E-coli-1_S1_R2_001Trimmed_fastqc.zip, output_coli/fastqc_report_htmls_zips/ODN-E-coli-2_S2_R1_001Trimmed_fastqc.zip, output_coli/fastqc_report_htmls_zips/ODN-E-coli-2_S2_R2_001Trimmed_fastqc.zip
    output: output_coli/MULTIQC/fastqc_report_trimmed_reads.html, output_coli/MULTIQC/fastqc_report_trimmed_reads_data
    jobid: 1
    benchmark: benchmarks/multi_qc.log

[Mon Aug  5 14:21:11 2019]
Finished job 1.
11 of 12 steps (92%) done

[Mon Aug  5 14:21:11 2019]
localrule all:
    input: output_coli/MULTIQC/fastqc_report_trimmed_reads.html
    jobid: 0

[Mon Aug  5 14:21:11 2019]
Finished job 0.
12 of 12 steps (100%) done
Complete log: /media/root/ocean/projects/ga/bracken_ribo_count/.snakemake/log/2019-08-05T141935.426833.snakemake.log
