Building DAG of jobs...
Using shell: /bin/bash
Provided cores: 24
Rules claiming more threads will be scaled down.
Job counts:
	count	jobs
	1	agregate_count
	1	all
	2	assemble
	2	count_reads
	1	cp_read_counts
	2	subsample
	9

[Mon Aug  5 14:45:05 2019]
rule count_reads:
    input: tmp_coli/ODN-E-coli-1_S1_R1_001.fastq.gz, tmp_coli/ODN-E-coli-1_S1_R1_001Trimmed.fastq.gz
    output: tmp_coli/ODN-E-coli-1_S1_read_counts.txt
    jobid: 21
    benchmark: benchmarks/ODN-E-coli-1_S1_count_reads.log
    wildcards: stem=ODN-E-coli-1_S1


[Mon Aug  5 14:45:05 2019]
rule count_reads:
    input: tmp_coli/ODN-E-coli-2_S2_R1_001.fastq.gz, tmp_coli/ODN-E-coli-2_S2_R1_001Trimmed.fastq.gz
    output: tmp_coli/ODN-E-coli-2_S2_read_counts.txt
    jobid: 20
    benchmark: benchmarks/ODN-E-coli-2_S2_count_reads.log
    wildcards: stem=ODN-E-coli-2_S2

[Mon Aug  5 14:45:11 2019]
Finished job 20.
1 of 9 steps (11%) done
[Mon Aug  5 14:45:12 2019]
Finished job 21.
2 of 9 steps (22%) done

[Mon Aug  5 14:45:12 2019]
rule agregate_count:
    input: tmp_coli/ODN-E-coli-1_S1_read_counts.txt, tmp_coli/ODN-E-coli-2_S2_read_counts.txt
    output: tmp_coli/read_counts.txt
    jobid: 17

[Mon Aug  5 14:45:12 2019]
Finished job 17.
3 of 9 steps (33%) done

[Mon Aug  5 14:45:12 2019]
rule cp_read_counts:
    input: tmp_coli/read_counts.txt
    output: output_coli/read_counts.txt
    jobid: 12

[Mon Aug  5 14:45:12 2019]
Finished job 12.
4 of 9 steps (44%) done

[Mon Aug  5 14:45:12 2019]
rule subsample:
    input: tmp_coli/ODN-E-coli-1_S1_R1_001Trimmed.fastq.gz, tmp_coli/ODN-E-coli-1_S1_R2_001Trimmed.fastq.gz, output_coli/read_counts.txt
    output: tmp_coli/ODN-E-coli-1_S1_R1_001subs.fastq.gz, tmp_coli/ODN-E-coli-1_S1_R2_001subs.fastq.gz
    log: output_coli/LOGS/SEQTK/R1/ODN-E-coli-1_S1.log, output_coli/LOGS/SEQTK/R2/ODN-E-coli-1_S1.log
    jobid: 8
    benchmark: benchmarks/ODN-E-coli-1_S1_subsampling.log
    wildcards: stem=ODN-E-coli-1_S1
    threads: 4


[Mon Aug  5 14:45:12 2019]
rule subsample:
    input: tmp_coli/ODN-E-coli-2_S2_R1_001Trimmed.fastq.gz, tmp_coli/ODN-E-coli-2_S2_R2_001Trimmed.fastq.gz, output_coli/read_counts.txt
    output: tmp_coli/ODN-E-coli-2_S2_R1_001subs.fastq.gz, tmp_coli/ODN-E-coli-2_S2_R2_001subs.fastq.gz
    log: output_coli/LOGS/SEQTK/R1/ODN-E-coli-2_S2.log, output_coli/LOGS/SEQTK/R2/ODN-E-coli-2_S2.log
    jobid: 9
    benchmark: benchmarks/ODN-E-coli-2_S2_subsampling.log
    wildcards: stem=ODN-E-coli-2_S2
    threads: 4

Removing temporary output file tmp_coli/ODN-E-coli-2_S2_R1_001Trimmed.fastq.gz.
Removing temporary output file tmp_coli/ODN-E-coli-2_S2_R2_001Trimmed.fastq.gz.
[Mon Aug  5 14:45:34 2019]
Finished job 9.
5 of 9 steps (56%) done

[Mon Aug  5 14:45:34 2019]
rule assemble:
    input: tmp_coli/ODN-E-coli-2_S2_R1_001subs.fastq.gz, tmp_coli/ODN-E-coli-2_S2_R2_001subs.fastq.gz
    output: tmp_coli/ODN-E-coli-2_S2_contigs.fasta, tmp_coli/ODN-E-coli-2_S2.fastg
    jobid: 3
    benchmark: bench_coli/assemble_ODN-E-coli-2_S2.log
    wildcards: stem=ODN-E-coli-2_S2
    threads: 12

RuleException in line 3 of /media/root/ocean/projects/ga/bracken_ribo_count/snakefiles/4_0_assembly.smk:
NameError: The name 'spades_dir' is unknown in this context. Please make sure that you defined that variable. Also note that braces not used for variable access have to be escaped by repeating them, i.e. {{print $1}}
