Building DAG of jobs...
Using shell: /bin/bash
Provided cores: 24
Rules claiming more threads will be scaled down.
Job counts:
	count	jobs
	1	all
	2	detect_rRNA
	3

[Mon Aug  5 15:41:29 2019]
rule detect_rRNA:
    input: tmp_coli/ODN-E-coli-1_S1_contigs.fasta
    output: tmp_coli/ODN-E-coli-1_S1_contigs_rRNA.gtf
    log: tmp_coli/ODN-E-coli-1_S1_contigs_rRNA.log
    jobid: 3
    wildcards: stem=ODN-E-coli-1_S1
    threads: 12

 barrnap --kingdom bac  --threads 12 tmp_coli/ODN-E-coli-1_S1_contigs.fasta > tmp_coli/ODN-E-coli-1_S1_contigs_rRNA.gtf 2> tmp_coli/ODN-E-coli-1_S1_contigs_rRNA.log 

[Mon Aug  5 15:41:29 2019]
rule detect_rRNA:
    input: tmp_coli/ODN-E-coli-2_S2_contigs.fasta
    output: tmp_coli/ODN-E-coli-2_S2_contigs_rRNA.gtf
    log: tmp_coli/ODN-E-coli-2_S2_contigs_rRNA.log
    jobid: 2
    wildcards: stem=ODN-E-coli-2_S2
    threads: 12

 barrnap --kingdom bac  --threads 12 tmp_coli/ODN-E-coli-2_S2_contigs.fasta > tmp_coli/ODN-E-coli-2_S2_contigs_rRNA.gtf 2> tmp_coli/ODN-E-coli-2_S2_contigs_rRNA.log 
[Mon Aug  5 15:41:32 2019]
Finished job 2.
1 of 3 steps (33%) done
[Mon Aug  5 15:41:32 2019]
Finished job 3.
2 of 3 steps (67%) done

[Mon Aug  5 15:41:32 2019]
localrule all:
    input: output_coli/MULTIQC/fastqc_report_trimmed_reads.html, tmp_coli/ODN-E-coli-1_S1_contigs.fasta, tmp_coli/ODN-E-coli-2_S2_contigs.fasta, tmp_coli/ODN-E-coli-1_S1_contigs_rRNA.gtf, tmp_coli/ODN-E-coli-2_S2_contigs_rRNA.gtf
    jobid: 0

[Mon Aug  5 15:41:32 2019]
Finished job 0.
3 of 3 steps (100%) done
Complete log: /media/root/ocean/projects/ga/bracken_ribo_count/.snakemake/log/2019-08-05T154129.081707.snakemake.log
