Building DAG of jobs...
Using shell: /bin/bash
Provided cores: 24
Rules claiming more threads will be scaled down.
Job counts:
	count	jobs
	1	filter_16S_having_reads
	1

[Tue Aug  6 12:00:59 2019]
rule filter_16S_having_reads:
    input: tmp_coli/ODN-E-coli-1_S1_R1_001filtered.fastq.gz, tmp_coli/ODN-E-coli-1_S1_R2_001filtered.fastq.gz
    output: output_coli/LOGS/BBDUK/ODN-E-coli-1_S1_filtering16s.log, tmp_coli/ODN-E-coli-1_S1_R1_001filtered16s.fastq.gz, tmp_coli/ODN-E-coli-1_S1_R2_001filtered16s.fastq.gz
    log: output_coli/LOGS/filtering16s_ODN-E-coli-1_S1.log
    jobid: 0
    benchmark: benchmarks/filtering16s_ODN-E-coli-1_S1.log
    wildcards: stem=ODN-E-coli-1_S1
    threads: 8

Removing temporary output file tmp_coli/ODN-E-coli-1_S1_R1_001filtered.fastq.gz.
Removing temporary output file tmp_coli/ODN-E-coli-1_S1_R2_001filtered.fastq.gz.
Removing temporary output file tmp_coli/ODN-E-coli-1_S1_R2_001filtered16s.fastq.gz.
[Tue Aug  6 12:01:51 2019]
Finished job 0.
1 of 1 steps (100%) done
Complete log: /media/root/ocean/projects/ga/bracken_ribo_count/.snakemake/log/2019-08-06T120058.853026.snakemake.log
