Building DAG of jobs...
Using shell: /bin/bash
Provided cores: 24
Rules claiming more threads will be scaled down.
Job counts:
	count	jobs
	1	agregate_count
	1	all
	1	assemble
	1	count_reads
	1	cp_read_counts
	1	custer
	1	detect_rRNA
	2	fastqc
	1	filter_primer_sequence_having_reads
	1	filter_size
	1	merge_reads
	1	multiqc_pro
	1	subsample
	1	trim_adapters
	15

[Wed Aug  7 12:30:54 2019]
rule trim_adapters:
    input: tmp_coli/ODN-E-coli-1_S1_R1_001.fastq.gz, tmp_coli/ODN-E-coli-1_S1_R2_001.fastq.gz
    output: output_coli/LOGS/BBDUK/ODN-E-coli-1_S1_contamination.log, tmp_coli/ODN-E-coli-1_S1_R1_001Trimmed.fastq.gz, tmp_coli/ODN-E-coli-1_S1_R2_001Trimmed.fastq.gz
    log: output_coli/LOGS/BBDUK/trimming_ODN-E-coli-1_S1.log
    jobid: 11
    benchmark: benchmarks/trimming_ODN-E-coli-1_S1.log
    wildcards: stem=ODN-E-coli-1_S1
    threads: 8

[Wed Aug  7 12:31:03 2019]
Finished job 11.
1 of 15 steps (7%) done

[Wed Aug  7 12:31:03 2019]
rule fastqc:
    input: tmp_coli/ODN-E-coli-1_S1_R1_001Trimmed.fastq.gz
    output: output_coli/fastqc_report_htmls_zips/ODN-E-coli-1_S1_R1_001Trimmed_fastqc.zip, output_coli/fastqc_report_htmls_zips/ODN-E-coli-1_S1_R1_001Trimmed_fastqc.html
    log: output_coli/LOGS/FASTQC/ODN-E-coli-1_S1_R1_001Trimmed.log
    jobid: 8
    benchmark: benchmarks/fastqc_ODN-E-coli-1_S1_R1_001Trimmed.log
    wildcards: stem=ODN-E-coli-1_S1_R1_001Trimmed


[Wed Aug  7 12:31:03 2019]
rule count_reads:
    input: tmp_coli/ODN-E-coli-1_S1_R1_001.fastq.gz, tmp_coli/ODN-E-coli-1_S1_R1_001Trimmed.fastq.gz
    output: tmp_coli/ODN-E-coli-1_S1_read_counts.txt
    jobid: 16
    benchmark: benchmarks/ODN-E-coli-1_S1_count_reads.log
    wildcards: stem=ODN-E-coli-1_S1


[Wed Aug  7 12:31:03 2019]
rule fastqc:
    input: tmp_coli/ODN-E-coli-1_S1_R2_001Trimmed.fastq.gz
    output: output_coli/fastqc_report_htmls_zips/ODN-E-coli-1_S1_R2_001Trimmed_fastqc.zip, output_coli/fastqc_report_htmls_zips/ODN-E-coli-1_S1_R2_001Trimmed_fastqc.html
    log: output_coli/LOGS/FASTQC/ODN-E-coli-1_S1_R2_001Trimmed.log
    jobid: 7
    benchmark: benchmarks/fastqc_ODN-E-coli-1_S1_R2_001Trimmed.log
    wildcards: stem=ODN-E-coli-1_S1_R2_001Trimmed

[Wed Aug  7 12:31:10 2019]
Finished job 16.
2 of 15 steps (13%) done

[Wed Aug  7 12:31:10 2019]
rule agregate_count:
    input: tmp_coli/ODN-E-coli-1_S1_read_counts.txt
    output: tmp_coli/read_counts.txt
    jobid: 13

[Wed Aug  7 12:31:10 2019]
Finished job 13.
3 of 15 steps (20%) done

[Wed Aug  7 12:31:10 2019]
rule cp_read_counts:
    input: tmp_coli/read_counts.txt
    output: output_coli/read_counts.txt
    jobid: 10

[Wed Aug  7 12:31:10 2019]
Finished job 10.
4 of 15 steps (27%) done

[Wed Aug  7 12:31:10 2019]
rule subsample:
    input: tmp_coli/ODN-E-coli-1_S1_R1_001Trimmed.fastq.gz, tmp_coli/ODN-E-coli-1_S1_R2_001Trimmed.fastq.gz, output_coli/read_counts.txt
    output: tmp_coli/ODN-E-coli-1_S1_R1_001subs.fastq.gz, tmp_coli/ODN-E-coli-1_S1_R2_001subs.fastq.gz
    log: output_coli/LOGS/SEQTK/R1/ODN-E-coli-1_S1.log, output_coli/LOGS/SEQTK/R2/ODN-E-coli-1_S1.log
    jobid: 6
    benchmark: benchmarks/ODN-E-coli-1_S1_subsampling.log
    wildcards: stem=ODN-E-coli-1_S1
    threads: 4

[Wed Aug  7 12:31:20 2019]
Finished job 8.
5 of 15 steps (33%) done
[Wed Aug  7 12:31:21 2019]
Finished job 7.
6 of 15 steps (40%) done

[Wed Aug  7 12:31:21 2019]
rule multiqc_pro:
    input: output_coli/fastqc_report_htmls_zips/ODN-E-coli-1_S1_R1_001Trimmed_fastqc.zip, output_coli/fastqc_report_htmls_zips/ODN-E-coli-1_S1_R2_001Trimmed_fastqc.zip
    output: output_coli/MULTIQC/fastqc_report_trimmed_reads.html, output_coli/MULTIQC/fastqc_report_trimmed_reads_data
    jobid: 3
    benchmark: benchmarks/multi_qc.log

[Wed Aug  7 12:31:26 2019]
Finished job 3.
7 of 15 steps (47%) done
[Wed Aug  7 12:31:32 2019]
Finished job 6.
8 of 15 steps (53%) done

[Wed Aug  7 12:31:32 2019]
rule filter_primer_sequence_having_reads:
    input: tmp_coli/ODN-E-coli-1_S1_R1_001subs.fastq.gz, tmp_coli/ODN-E-coli-1_S1_R2_001subs.fastq.gz
    output: output_coli/LOGS/BBDUK/ODN-E-coli-1_S1_filteringbasedonR1.log, tmp_coli/ODN-E-coli-1_S1_R1_001filtered.fastq.gz, tmp_coli/ODN-E-coli-1_S1_R2_001filtered.fastq.gz
    log: output_coli/LOGS/filteringR1_ODN-E-coli-1_S1.log
    jobid: 2
    benchmark: benchmarks/filteringR1_ODN-E-coli-1_S1.log
    wildcards: stem=ODN-E-coli-1_S1
    threads: 8


[Wed Aug  7 12:31:32 2019]
rule merge_reads:
    input: tmp_coli/ODN-E-coli-1_S1_R1_001subs.fastq.gz, tmp_coli/ODN-E-coli-1_S1_R2_001subs.fastq.gz
    output: output_coli/LOGS/BBDUK/ODN-E-coli-1_S1_mering_reads.log, tmp_coli/ODN-E-coli-1_S1_R1_001unmerged.fastq.gz, tmp_coli/ODN-E-coli-1_S1_R2_001unmerged.fastq.gz, tmp_coli/ODN-E-coli-1_S1_001merged.fastq.gz
    jobid: 12
    benchmark: benchmarks/filteringR1_ODN-E-coli-1_S1.log
    wildcards: stem=ODN-E-coli-1_S1
    threads: 8

[Wed Aug  7 12:31:41 2019]
Finished job 2.
9 of 15 steps (60%) done
[Wed Aug  7 12:31:41 2019]
Finished job 12.
10 of 15 steps (67%) done

[Wed Aug  7 12:31:41 2019]
rule assemble:
    input: tmp_coli/ODN-E-coli-1_S1_R1_001unmerged.fastq.gz, tmp_coli/ODN-E-coli-1_S1_R2_001unmerged.fastq.gz, tmp_coli/ODN-E-coli-1_S1_001merged.fastq.gz
    output: tmp_coli/ODN-E-coli-1_S1_contigs.fasta, tmp_coli/ODN-E-coli-1_S1.fastg
    jobid: 9
    benchmark: bench_coli/assemble_ODN-E-coli-1_S1.log
    wildcards: stem=ODN-E-coli-1_S1
    threads: 12

[Wed Aug  7 12:42:25 2019]
Finished job 9.
11 of 15 steps (73%) done

[Wed Aug  7 12:42:25 2019]
rule filter_size:
    input: tmp_coli/ODN-E-coli-1_S1_contigs.fasta
    output: tmp_coli/ODN-E-coli-1_S1_contigs_size_filtered.fasta
    jobid: 4
    wildcards: stem=ODN-E-coli-1_S1_contigs

[Wed Aug  7 12:42:25 2019]
Finished job 4.
12 of 15 steps (80%) done

[Wed Aug  7 12:42:25 2019]
rule custer:
    input: tmp_coli/ODN-E-coli-1_S1_contigs_size_filtered.fasta
    output: tmp_coli/ODN-E-coli-1_S1_contigs_size_filtered_clustered.fasta
    jobid: 5
    wildcards: stem=ODN-E-coli-1_S1_contigs_size_filtered
    threads: 12

[Wed Aug  7 12:42:26 2019]
Finished job 5.
13 of 15 steps (87%) done

[Wed Aug  7 12:42:26 2019]
rule detect_rRNA:
    input: tmp_coli/ODN-E-coli-1_S1_contigs_size_filtered_clustered.fasta
    output: tmp_coli/ODN-E-coli-1_S1_contigs_size_filtered_clustered_rRNA.gtf
    log: tmp_coli/ODN-E-coli-1_S1_contigs_size_filtered_clustered_contigs_rRNA.log
    jobid: 1
    wildcards: stem=ODN-E-coli-1_S1_contigs_size_filtered_clustered
    threads: 12

[Wed Aug  7 12:42:28 2019]
Finished job 1.
14 of 15 steps (93%) done

[Wed Aug  7 12:42:28 2019]
localrule all:
    input: output_coli/MULTIQC/fastqc_report_trimmed_reads.html, tmp_coli/ODN-E-coli-1_S1_contigs_size_filtered.fasta, tmp_coli/ODN-E-coli-1_S1_contigs_size_filtered_clustered_rRNA.gtf, tmp_coli/ODN-E-coli-1_S1_R1_001filtered.fastq.gz
    jobid: 0

[Wed Aug  7 12:42:28 2019]
Finished job 0.
15 of 15 steps (100%) done
Complete log: /media/root/ocean/projects/ga/bracken_ribo_count/.snakemake/log/2019-08-07T123054.104725.snakemake.log
