Building DAG of jobs...
Using shell: /bin/bash
Provided cores: 24
Rules claiming more threads will be scaled down.
Job counts:
	count	jobs
	1	filter_primer_sequence_having_reads
	1

[Wed Aug  7 17:53:10 2019]
rule filter_primer_sequence_having_reads:
    input: tmp_coli/ODN-E-coli-1_S1_R1_001subs.fastq.gz, tmp_coli/ODN-E-coli-1_S1_R2_001subs.fastq.gz
    output: output_coli/LOGS/BBDUK/ODN-E-coli-1_S1_filteringbasedonR1.log, tmp_coli/ODN-E-coli-1_S1_R1_001filtered.fastq.gz, tmp_coli/ODN-E-coli-1_S1_R2_001filtered.fastq.gz
    log: output_coli/LOGS/filteringR1_ODN-E-coli-1_S1.log
    jobid: 0
    benchmark: benchmarks/filteringR1_ODN-E-coli-1_S1.log
    wildcards: stem=ODN-E-coli-1_S1
    threads: 8

bbduk.sh in=tmp_coli/ODN-E-coli-1_S1_R1_001subs.fastq.gz outm=tmp_coli/ODN-E-coli-1_S1_R1_001filtered.fastq.gz in2=tmp_coli/ODN-E-coli-1_S1_R2_001subs.fastq.gz outm2=tmp_coli/ODN-E-coli-1_S1_R2_001filtered.fastq.gz ref=datasets/bbmap/R1_for.fasta threads=8  k=15  threads=8 stats=output_coli/LOGS/BBDUK/ODN-E-coli-1_S1_filteringbasedonR1.log overwrite=t restrictleft=25 -Xmx4g 2> output_coli/LOGS/filteringR1_ODN-E-coli-1_S1.log
[Wed Aug  7 17:53:13 2019]
Finished job 0.
1 of 1 steps (100%) done
Complete log: /media/root/ocean/projects/ga/bracken_ribo_count/.snakemake/log/2019-08-07T175310.663449.snakemake.log
