Building DAG of jobs...
Using shell: /bin/bash
Provided cores: 24
Rules claiming more threads will be scaled down.
Job counts:
	count	jobs
	1	all
	1	assemble
	1	detect_rRNA
	3

[Mon Aug  5 16:03:34 2019]
rule assemble:
    input: tmp_coli/ODN-E-coli-1_S1_R1_001subs.fastq.gz, tmp_coli/ODN-E-coli-1_S1_R2_001subs.fastq.gz
    output: tmp_coli/ODN-E-coli-1_S1_contigs.fasta, tmp_coli/ODN-E-coli-1_S1.fastg
    jobid: 1
    benchmark: bench_coli/assemble_ODN-E-coli-1_S1.log
    wildcards: stem=ODN-E-coli-1_S1
    threads: 12

rnaspades.py  -1 tmp_coli/ODN-E-coli-1_S1_R1_001subs.fastq.gz -2 tmp_coli/ODN-E-coli-1_S1_R2_001subs.fastq.gz  -t 12 --only-assembler -o tmp_coli/ODN-E-coli-1_S1_contigs --tmp-dir tmp_coli; cp tmp_coli/ODN-E-coli-1_S1_contigs/transcripts.fasta tmp_coli/ODN-E-coli-1_S1_contigs.fasta; cp tmp_coli/ODN-E-coli-1_S1_contigs/assembly_graph.fastg tmp_coli/ODN-E-coli-1_S1.fastg
[Mon Aug  5 16:12:36 2019]
Finished job 1.
1 of 3 steps (33%) done

[Mon Aug  5 16:12:36 2019]
rule detect_rRNA:
    input: tmp_coli/ODN-E-coli-1_S1_contigs.fasta
    output: tmp_coli/ODN-E-coli-1_S1_contigs_rRNA.gtf
    log: tmp_coli/ODN-E-coli-1_S1_contigs_rRNA.log
    jobid: 2
    wildcards: stem=ODN-E-coli-1_S1
    threads: 12

 barrnap --kingdom bac  --threads 12 tmp_coli/ODN-E-coli-1_S1_contigs.fasta > tmp_coli/ODN-E-coli-1_S1_contigs_rRNA.gtf 2> tmp_coli/ODN-E-coli-1_S1_contigs_rRNA.log 
[Mon Aug  5 16:12:40 2019]
Finished job 2.
2 of 3 steps (67%) done

[Mon Aug  5 16:12:40 2019]
localrule all:
    input: output_coli/MULTIQC/fastqc_report_trimmed_reads.html, tmp_coli/ODN-E-coli-1_S1_contigs.fasta, tmp_coli/ODN-E-coli-1_S1_contigs_rRNA.gtf
    jobid: 0

[Mon Aug  5 16:12:40 2019]
Finished job 0.
3 of 3 steps (100%) done
Complete log: /media/root/ocean/projects/ga/bracken_ribo_count/.snakemake/log/2019-08-05T160333.448337.snakemake.log
