Building DAG of jobs...
Using shell: /bin/bash
Provided cores: 24
Rules claiming more threads will be scaled down.
Job counts:
	count	jobs
	1	all
	1	detect_rRNA
	2

[Mon Aug  5 16:13:06 2019]
rule detect_rRNA:
    input: tmp_coli/ODN-E-coli-1_S1_contigs.fasta
    output: tmp_coli/ODN-E-coli-1_S1_contigs_rRNA.gtf
    log: tmp_coli/ODN-E-coli-1_S1_contigs_rRNA.log
    jobid: 3
    wildcards: stem=ODN-E-coli-1_S1
    threads: 12

 barrnap --kingdom bac  --threads 12 tmp_coli/ODN-E-coli-1_S1_contigs.fasta > tmp_coli/ODN-E-coli-1_S1_contigs_rRNA.gtf 2> tmp_coli/ODN-E-coli-1_S1_contigs_rRNA.log 
[Mon Aug  5 16:13:09 2019]
Finished job 3.
1 of 2 steps (50%) done

[Mon Aug  5 16:13:09 2019]
localrule all:
    input: output_coli/MULTIQC/fastqc_report_trimmed_reads.html, tmp_coli/ODN-E-coli-1_S1_contigs.fasta, tmp_coli/ODN-E-coli-1_S1_contigs_rRNA.gtf
    jobid: 0

[Mon Aug  5 16:13:09 2019]
Finished job 0.
2 of 2 steps (100%) done
Complete log: /media/root/ocean/projects/ga/bracken_ribo_count/.snakemake/log/2019-08-05T161305.135557.snakemake.log
