Building DAG of jobs...
Using shell: /bin/bash
Provided cores: 24
Rules claiming more threads will be scaled down.
Job counts:
	count	jobs
	1	assemble
	1	detect_rRNA
	2

[Tue Aug  6 12:38:10 2019]
rule assemble:
    input: tmp_coli/ODN-E-coli-1_S1_R1_001filtered16s.fastq.gz, tmp_coli/ODN-E-coli-1_S1_R2_001filtered16s.fastq.gz
    output: tmp_coli/ODN-E-coli-1_S1_contigs.fasta, tmp_coli/ODN-E-coli-1_S1.fastg
    jobid: 1
    benchmark: bench_coli/assemble_ODN-E-coli-1_S1.log
    wildcards: stem=ODN-E-coli-1_S1
    threads: 12

spades.py  --meta -1 tmp_coli/ODN-E-coli-1_S1_R1_001filtered16s.fastq.gz -2 tmp_coli/ODN-E-coli-1_S1_R2_001filtered16s.fastq.gz  -t 12 --only-assembler -o tmp_coli/ODN-E-coli-1_S1_contigs --tmp-dir tmp_coli; cp tmp_coli/ODN-E-coli-1_S1_contigs/transcripts.fasta tmp_coli/ODN-E-coli-1_S1_contigs.fasta; cp tmp_coli/ODN-E-coli-1_S1_contigs/assembly_graph.fastg tmp_coli/ODN-E-coli-1_S1.fastg
[Tue Aug  6 12:38:55 2019]
Finished job 1.
1 of 2 steps (50%) done

[Tue Aug  6 12:38:55 2019]
rule detect_rRNA:
    input: tmp_coli/ODN-E-coli-1_S1_contigs.fasta
    output: tmp_coli/ODN-E-coli-1_S1_contigs_rRNA.gtf
    log: tmp_coli/ODN-E-coli-1_S1_contigs_rRNA.log
    jobid: 0
    wildcards: stem=ODN-E-coli-1_S1
    threads: 12

 barrnap --kingdom bac --reject 0.01  --threads 12 tmp_coli/ODN-E-coli-1_S1_contigs.fasta > tmp_coli/ODN-E-coli-1_S1_contigs_rRNA.gtf 2> tmp_coli/ODN-E-coli-1_S1_contigs_rRNA.log 
[Tue Aug  6 12:38:55 2019]
Finished job 0.
2 of 2 steps (100%) done
Complete log: /media/root/ocean/projects/ga/bracken_ribo_count/.snakemake/log/2019-08-06T123809.906703.snakemake.log
