Building DAG of jobs...
Using shell: /bin/bash
Provided cores: 24
Rules claiming more threads will be scaled down.
Job counts:
	count	jobs
	1	all
	1	assemble
	1	detect_rRNA
	1	filter_size
	1	merge_reads
	5

[Wed Aug  7 12:06:48 2019]
rule merge_reads:
    input: tmp_coli/ODN-E-coli-1_S1_R1_001subs.fastq.gz, tmp_coli/ODN-E-coli-1_S1_R2_001subs.fastq.gz
    output: output_coli/LOGS/BBDUK/ODN-E-coli-1_S1_mering_reads.log, tmp_coli/ODN-E-coli-1_S1_R1_001unmerged.fastq.gz, tmp_coli/ODN-E-coli-1_S1_R2_001unmerged.fastq.gz, tmp_coli/ODN-E-coli-1_S1_001merged.fastq.gz
    jobid: 11
    benchmark: benchmarks/filteringR1_ODN-E-coli-1_S1.log
    wildcards: stem=ODN-E-coli-1_S1
    threads: 8

bbmerge.sh in1=tmp_coli/ODN-E-coli-1_S1_R1_001subs.fastq.gz in2=tmp_coli/ODN-E-coli-1_S1_R2_001subs.fastq.gz outu1=tmp_coli/ODN-E-coli-1_S1_R1_001unmerged.fastq.gz outu2=tmp_coli/ODN-E-coli-1_S1_R2_001unmerged.fastq.gz out = tmp_coli/ODN-E-coli-1_S1_001merged.fastq.gz threads=8 -Xmx4g  &> output_coli/LOGS/BBDUK/ODN-E-coli-1_S1_mering_reads.log
    [Wed Aug  7 12:06:48 2019]
    Error in rule merge_reads:
        jobid: 11
        output: output_coli/LOGS/BBDUK/ODN-E-coli-1_S1_mering_reads.log, tmp_coli/ODN-E-coli-1_S1_R1_001unmerged.fastq.gz, tmp_coli/ODN-E-coli-1_S1_R2_001unmerged.fastq.gz, tmp_coli/ODN-E-coli-1_S1_001merged.fastq.gz

RuleException:
CalledProcessError in line 77 of /media/root/ocean/projects/ga/bracken_ribo_count/snakefiles/4_0_assembly.smk:
Command ' set -euo pipefail;  bbmerge.sh in1=tmp_coli/ODN-E-coli-1_S1_R1_001subs.fastq.gz in2=tmp_coli/ODN-E-coli-1_S1_R2_001subs.fastq.gz outu1=tmp_coli/ODN-E-coli-1_S1_R1_001unmerged.fastq.gz outu2=tmp_coli/ODN-E-coli-1_S1_R2_001unmerged.fastq.gz out = tmp_coli/ODN-E-coli-1_S1_001merged.fastq.gz threads=8 -Xmx4g  &> output_coli/LOGS/BBDUK/ODN-E-coli-1_S1_mering_reads.log ' returned non-zero exit status 1.
  File "/media/root/ocean/projects/ga/bracken_ribo_count/snakefiles/4_0_assembly.smk", line 77, in __rule_merge_reads
  File "/media/root/ocean/shared/bin/miniconda/envs/brc/lib/python3.6/concurrent/futures/thread.py", line 56, in run
Removing output files of failed job merge_reads since they might be corrupted:
output_coli/LOGS/BBDUK/ODN-E-coli-1_S1_mering_reads.log
Shutting down, this might take some time.
Exiting because a job execution failed. Look above for error message
Complete log: /media/root/ocean/projects/ga/bracken_ribo_count/.snakemake/log/2019-08-07T120647.935874.snakemake.log
