Building DAG of jobs...
Using shell: /bin/bash
Provided cores: 24
Rules claiming more threads will be scaled down.
Job counts:
	count	jobs
	1	retrim_R2_adapters_from_primers
	1

[Wed Aug  7 18:49:49 2019]
rule retrim_R2_adapters_from_primers:
    input: tmp_coli/ODN-E-coli-1_S1_R2_001filtered_wor1primer.fastq.gz
    output: output_coli/LOGS/BBDUK/ODN-E-coli-1_S1_r2retriming.log, tmp_coli/ODN-E-coli-1_S1_R2_001filtered_wor1primer_retrim.fastq.gz
    log: output_coli/LOGS/BBDUK/r2retrimming_ODN-E-coli-1_S1.log
    jobid: 0
    benchmark: benchmarks/trimming_ODN-E-coli-1_S1.log
    wildcards: stem=ODN-E-coli-1_S1
    threads: 8

bbduk.sh in=tmp_coli/ODN-E-coli-1_S1_R2_001filtered_wor1primer.fastq.gz out=tmp_coli/ODN-E-coli-1_S1_R2_001filtered_wor1primer_retrim.fastq.gz ref=datasets/bbmap/R1_for.fasta threads=8 ktrim=r k=23 mink=11 hdist=1 minlength=100 maxns=1 qtrim=r trimq=15 tpe tbo threads=8 stats=output_coli/LOGS/BBDUK/ODN-E-coli-1_S1_r2retriming.log overwrite=t -Xmx4g 2> output_coli/LOGS/BBDUK/r2retrimming_ODN-E-coli-1_S1.log
[Wed Aug  7 18:49:50 2019]
Finished job 0.
1 of 1 steps (100%) done
Complete log: /media/root/ocean/projects/ga/bracken_ribo_count/.snakemake/log/2019-08-07T184949.038522.snakemake.log
