Building DAG of jobs...
Using shell: /bin/bash
Provided cores: 24
Rules claiming more threads will be scaled down.
Job counts:
	count	jobs
	1	all
	2	assemble
	3

[Mon Aug  5 15:13:49 2019]
rule assemble:
    input: tmp_coli/ODN-E-coli-1_S1_R1_001subs.fastq.gz, tmp_coli/ODN-E-coli-1_S1_R2_001subs.fastq.gz
    output: tmp_coli/ODN-E-coli-1_S1_contigs.fasta, tmp_coli/ODN-E-coli-1_S1.fastg
    jobid: 2
    benchmark: bench_coli/assemble_ODN-E-coli-1_S1.log
    wildcards: stem=ODN-E-coli-1_S1
    threads: 12


[Mon Aug  5 15:13:50 2019]
rule assemble:
    input: tmp_coli/ODN-E-coli-2_S2_R1_001subs.fastq.gz, tmp_coli/ODN-E-coli-2_S2_R2_001subs.fastq.gz
    output: tmp_coli/ODN-E-coli-2_S2_contigs.fasta, tmp_coli/ODN-E-coli-2_S2.fastg
    jobid: 3
    benchmark: bench_coli/assemble_ODN-E-coli-2_S2.log
    wildcards: stem=ODN-E-coli-2_S2
    threads: 12

[Mon Aug  5 15:15:15 2019]
Finished job 3.
1 of 3 steps (33%) done
[Mon Aug  5 15:15:21 2019]
Finished job 2.
2 of 3 steps (67%) done

[Mon Aug  5 15:15:21 2019]
localrule all:
    input: output_coli/MULTIQC/fastqc_report_trimmed_reads.html, tmp_coli/ODN-E-coli-1_S1_contigs.fasta, tmp_coli/ODN-E-coli-2_S2_contigs.fasta
    jobid: 0

[Mon Aug  5 15:15:21 2019]
Finished job 0.
3 of 3 steps (100%) done
Complete log: /media/root/ocean/projects/ga/bracken_ribo_count/.snakemake/log/2019-08-05T151349.372214.snakemake.log
