Building DAG of jobs...
Using shell: /bin/bash
Provided cores: 24
Rules claiming more threads will be scaled down.
Job counts:
	count	jobs
	1	agregate_count
	1	all
	1	assemble
	1	count_reads
	1	cp_read_counts
	1	detect_rRNA
	2	fastqc
	1	filter_primer_sequence_having_reads
	1	filter_size
	1	get_fastq2
	1	multiqc_pro
	1	subsample
	1	trim_adapters
	14

[Wed Aug  7 10:54:42 2019]
rule get_fastq2:
    input: tmp_coli/ODN-E-coli-1_S1R2_input_list.sh
    output: tmp_coli/ODN-E-coli-1_S1_R2_001.fastq.gz
    jobid: 11
    wildcards: stem=ODN-E-coli-1_S1

[Wed Aug  7 10:55:15 2019]
Finished job 11.
1 of 14 steps (7%) done

[Wed Aug  7 10:55:15 2019]
rule trim_adapters:
    input: tmp_coli/ODN-E-coli-1_S1_R1_001.fastq.gz, tmp_coli/ODN-E-coli-1_S1_R2_001.fastq.gz
    output: output_coli/LOGS/BBDUK/ODN-E-coli-1_S1_contamination.log, tmp_coli/ODN-E-coli-1_S1_R1_001Trimmed.fastq.gz, tmp_coli/ODN-E-coli-1_S1_R2_001Trimmed.fastq.gz
    log: output_coli/LOGS/BBDUK/trimming_ODN-E-coli-1_S1.log
    jobid: 9
    benchmark: benchmarks/trimming_ODN-E-coli-1_S1.log
    wildcards: stem=ODN-E-coli-1_S1
    threads: 8

[Wed Aug  7 10:55:23 2019]
Finished job 9.
2 of 14 steps (14%) done

[Wed Aug  7 10:55:23 2019]
rule fastqc:
    input: tmp_coli/ODN-E-coli-1_S1_R1_001Trimmed.fastq.gz
    output: output_coli/fastqc_report_htmls_zips/ODN-E-coli-1_S1_R1_001Trimmed_fastqc.zip, output_coli/fastqc_report_htmls_zips/ODN-E-coli-1_S1_R1_001Trimmed_fastqc.html
    log: output_coli/LOGS/FASTQC/ODN-E-coli-1_S1_R1_001Trimmed.log
    jobid: 7
    benchmark: benchmarks/fastqc_ODN-E-coli-1_S1_R1_001Trimmed.log
    wildcards: stem=ODN-E-coli-1_S1_R1_001Trimmed


[Wed Aug  7 10:55:23 2019]
rule fastqc:
    input: tmp_coli/ODN-E-coli-1_S1_R2_001Trimmed.fastq.gz
    output: output_coli/fastqc_report_htmls_zips/ODN-E-coli-1_S1_R2_001Trimmed_fastqc.zip, output_coli/fastqc_report_htmls_zips/ODN-E-coli-1_S1_R2_001Trimmed_fastqc.html
    log: output_coli/LOGS/FASTQC/ODN-E-coli-1_S1_R2_001Trimmed.log
    jobid: 6
    benchmark: benchmarks/fastqc_ODN-E-coli-1_S1_R2_001Trimmed.log
    wildcards: stem=ODN-E-coli-1_S1_R2_001Trimmed


[Wed Aug  7 10:55:23 2019]
rule count_reads:
    input: tmp_coli/ODN-E-coli-1_S1_R1_001.fastq.gz, tmp_coli/ODN-E-coli-1_S1_R1_001Trimmed.fastq.gz
    output: tmp_coli/ODN-E-coli-1_S1_read_counts.txt
    jobid: 15
    benchmark: benchmarks/ODN-E-coli-1_S1_count_reads.log
    wildcards: stem=ODN-E-coli-1_S1

[Wed Aug  7 10:55:30 2019]
Finished job 15.
3 of 14 steps (21%) done

[Wed Aug  7 10:55:30 2019]
rule agregate_count:
    input: tmp_coli/ODN-E-coli-1_S1_read_counts.txt
    output: tmp_coli/read_counts.txt
    jobid: 13

[Wed Aug  7 10:55:30 2019]
Finished job 13.
4 of 14 steps (29%) done

[Wed Aug  7 10:55:30 2019]
rule cp_read_counts:
    input: tmp_coli/read_counts.txt
    output: output_coli/read_counts.txt
    jobid: 10

[Wed Aug  7 10:55:30 2019]
Finished job 10.
5 of 14 steps (36%) done

[Wed Aug  7 10:55:30 2019]
rule subsample:
    input: tmp_coli/ODN-E-coli-1_S1_R1_001Trimmed.fastq.gz, tmp_coli/ODN-E-coli-1_S1_R2_001Trimmed.fastq.gz, output_coli/read_counts.txt
    output: tmp_coli/ODN-E-coli-1_S1_R1_001subs.fastq.gz, tmp_coli/ODN-E-coli-1_S1_R2_001subs.fastq.gz
    log: output_coli/LOGS/SEQTK/R1/ODN-E-coli-1_S1.log, output_coli/LOGS/SEQTK/R2/ODN-E-coli-1_S1.log
    jobid: 8
    benchmark: benchmarks/ODN-E-coli-1_S1_subsampling.log
    wildcards: stem=ODN-E-coli-1_S1
    threads: 4

[Wed Aug  7 10:55:42 2019]
Finished job 6.
6 of 14 steps (43%) done
[Wed Aug  7 10:55:49 2019]
Finished job 7.
7 of 14 steps (50%) done

[Wed Aug  7 10:55:49 2019]
rule multiqc_pro:
    input: output_coli/fastqc_report_htmls_zips/ODN-E-coli-1_S1_R1_001Trimmed_fastqc.zip, output_coli/fastqc_report_htmls_zips/ODN-E-coli-1_S1_R2_001Trimmed_fastqc.zip
    output: output_coli/MULTIQC/fastqc_report_trimmed_reads.html, output_coli/MULTIQC/fastqc_report_trimmed_reads_data
    jobid: 2
    benchmark: benchmarks/multi_qc.log

Removing temporary output file tmp_coli/ODN-E-coli-1_S1_R1_001Trimmed.fastq.gz.
Removing temporary output file tmp_coli/ODN-E-coli-1_S1_R2_001Trimmed.fastq.gz.
[Wed Aug  7 10:55:51 2019]
Finished job 8.
8 of 14 steps (57%) done

[Wed Aug  7 10:55:51 2019]
rule filter_primer_sequence_having_reads:
    input: tmp_coli/ODN-E-coli-1_S1_R1_001subs.fastq.gz, tmp_coli/ODN-E-coli-1_S1_R2_001subs.fastq.gz
    output: output_coli/LOGS/BBDUK/ODN-E-coli-1_S1_filteringbasedonR1.log, tmp_coli/ODN-E-coli-1_S1_R1_001filtered.fastq.gz, tmp_coli/ODN-E-coli-1_S1_R2_001filtered.fastq.gz
    log: output_coli/LOGS/filteringR1_ODN-E-coli-1_S1.log
    jobid: 3
    benchmark: benchmarks/filteringR1_ODN-E-coli-1_S1.log
    wildcards: stem=ODN-E-coli-1_S1
    threads: 8

Removing temporary output file tmp_coli/ODN-E-coli-1_S1_R1_001subs.fastq.gz.
Removing temporary output file tmp_coli/ODN-E-coli-1_S1_R2_001subs.fastq.gz.
[Wed Aug  7 10:55:55 2019]
Finished job 3.
9 of 14 steps (64%) done

[Wed Aug  7 10:55:55 2019]
rule assemble:
    input: tmp_coli/ODN-E-coli-1_S1_R1_001filtered.fastq.gz, tmp_coli/ODN-E-coli-1_S1_R2_001filtered.fastq.gz
    output: tmp_coli/ODN-E-coli-1_S1_contigs.fasta, tmp_coli/ODN-E-coli-1_S1.fastg
    jobid: 5
    benchmark: bench_coli/assemble_ODN-E-coli-1_S1.log
    wildcards: stem=ODN-E-coli-1_S1
    threads: 12

[Wed Aug  7 10:55:57 2019]
Finished job 2.
10 of 14 steps (71%) done
Removing temporary output file tmp_coli/ODN-E-coli-1_S1_R2_001filtered.fastq.gz.
[Wed Aug  7 10:59:39 2019]
Finished job 5.
11 of 14 steps (79%) done

[Wed Aug  7 10:59:39 2019]
rule filter_size:
    input: tmp_coli/ODN-E-coli-1_S1_contigs.fasta
    output: tmp_coli/ODN-E-coli-1_S1_contigs_size_filtered.fasta
    jobid: 4
    wildcards: stem=ODN-E-coli-1_S1_contigs


[Wed Aug  7 10:59:39 2019]
rule detect_rRNA:
    input: tmp_coli/ODN-E-coli-1_S1_contigs.fasta
    output: tmp_coli/ODN-E-coli-1_S1_contigs_rRNA.gtf
    log: tmp_coli/ODN-E-coli-1_S1_contigs_rRNA.log
    jobid: 1
    wildcards: stem=ODN-E-coli-1_S1
    threads: 12

[Wed Aug  7 10:59:39 2019]
Finished job 4.
12 of 14 steps (86%) done
[Wed Aug  7 10:59:42 2019]
Finished job 1.
13 of 14 steps (93%) done

[Wed Aug  7 10:59:42 2019]
localrule all:
    input: output_coli/MULTIQC/fastqc_report_trimmed_reads.html, tmp_coli/ODN-E-coli-1_S1_contigs_size_filtered.fasta, tmp_coli/ODN-E-coli-1_S1_contigs_rRNA.gtf, tmp_coli/ODN-E-coli-1_S1_R1_001filtered.fastq.gz
    jobid: 0

Removing temporary output file tmp_coli/ODN-E-coli-1_S1_R1_001filtered.fastq.gz.
[Wed Aug  7 10:59:42 2019]
Finished job 0.
14 of 14 steps (100%) done
Complete log: /media/root/ocean/projects/ga/bracken_ribo_count/.snakemake/log/2019-08-07T105442.096605.snakemake.log
