Building DAG of jobs...
Using shell: /bin/bash
Provided cores: 24
Rules claiming more threads will be scaled down.
Job counts:
	count	jobs
	1	all
	2	assemble
	2	detect_rRNA
	2	filteron_R1_sequence
	2	subsample
	9

[Tue Aug  6 10:11:55 2019]
rule subsample:
    input: tmp_coli/ODN-E-coli-1_S1_R1_001Trimmed.fastq.gz, tmp_coli/ODN-E-coli-1_S1_R2_001Trimmed.fastq.gz, output_coli/read_counts.txt
    output: tmp_coli/ODN-E-coli-1_S1_R1_001subs.fastq.gz, tmp_coli/ODN-E-coli-1_S1_R2_001subs.fastq.gz
    log: output_coli/LOGS/SEQTK/R1/ODN-E-coli-1_S1.log, output_coli/LOGS/SEQTK/R2/ODN-E-coli-1_S1.log
    jobid: 8
    benchmark: benchmarks/ODN-E-coli-1_S1_subsampling.log
    wildcards: stem=ODN-E-coli-1_S1
    threads: 4


[Tue Aug  6 10:11:56 2019]
rule subsample:
    input: tmp_coli/V8-E-coli_S13_R1_001Trimmed.fastq.gz, tmp_coli/V8-E-coli_S13_R2_001Trimmed.fastq.gz, output_coli/read_counts.txt
    output: tmp_coli/V8-E-coli_S13_R1_001subs.fastq.gz, tmp_coli/V8-E-coli_S13_R2_001subs.fastq.gz
    log: output_coli/LOGS/SEQTK/R1/V8-E-coli_S13.log, output_coli/LOGS/SEQTK/R2/V8-E-coli_S13.log
    jobid: 9
    benchmark: benchmarks/V8-E-coli_S13_subsampling.log
    wildcards: stem=V8-E-coli_S13
    threads: 4

[Tue Aug  6 10:12:12 2019]
Finished job 9.
1 of 9 steps (11%) done

[Tue Aug  6 10:12:12 2019]
rule assemble:
    input: tmp_coli/V8-E-coli_S13_R1_001subs.fastq.gz, tmp_coli/V8-E-coli_S13_R2_001subs.fastq.gz
    output: tmp_coli/V8-E-coli_S13_contigs.fasta, tmp_coli/V8-E-coli_S13.fastg
    jobid: 2
    benchmark: bench_coli/assemble_V8-E-coli_S13.log
    wildcards: stem=V8-E-coli_S13
    threads: 12


[Tue Aug  6 10:12:12 2019]
rule filteron_R1_sequence:
    input: tmp_coli/V8-E-coli_S13_R1_001subs.fastq.gz, tmp_coli/V8-E-coli_S13_R2_001subs.fastq.gz
    output: output_coli/LOGS/BBDUK/V8-E-coli_S13_filteringbasedonR1.log, tmp_coli/V8-E-coli_S13_R1_001filtered.fastq.gz, tmp_coli/V8-E-coli_S13_R2_001filtered.fastq.gz
    log: output_coli/LOGS/BBDUK/trimming_V8-E-coli_S13.log
    jobid: 4
    benchmark: benchmarks/filteringR1_V8-E-coli_S13.log
    wildcards: stem=V8-E-coli_S13
    threads: 8

[Tue Aug  6 10:12:15 2019]
Finished job 4.
2 of 9 steps (22%) done
[Tue Aug  6 10:12:20 2019]
Finished job 8.
3 of 9 steps (33%) done

[Tue Aug  6 10:12:20 2019]
rule filteron_R1_sequence:
    input: tmp_coli/ODN-E-coli-1_S1_R1_001subs.fastq.gz, tmp_coli/ODN-E-coli-1_S1_R2_001subs.fastq.gz
    output: output_coli/LOGS/BBDUK/ODN-E-coli-1_S1_filteringbasedonR1.log, tmp_coli/ODN-E-coli-1_S1_R1_001filtered.fastq.gz, tmp_coli/ODN-E-coli-1_S1_R2_001filtered.fastq.gz
    log: output_coli/LOGS/BBDUK/trimming_ODN-E-coli-1_S1.log
    jobid: 1
    benchmark: benchmarks/filteringR1_ODN-E-coli-1_S1.log
    wildcards: stem=ODN-E-coli-1_S1
    threads: 8

[Tue Aug  6 10:12:25 2019]
Finished job 1.
4 of 9 steps (44%) done

[Tue Aug  6 10:12:25 2019]
rule assemble:
    input: tmp_coli/ODN-E-coli-1_S1_R1_001subs.fastq.gz, tmp_coli/ODN-E-coli-1_S1_R2_001subs.fastq.gz
    output: tmp_coli/ODN-E-coli-1_S1_contigs.fasta, tmp_coli/ODN-E-coli-1_S1.fastg
    jobid: 7
    benchmark: bench_coli/assemble_ODN-E-coli-1_S1.log
    wildcards: stem=ODN-E-coli-1_S1
    threads: 12

Terminating processes on user request, this might take some time.
    [Tue Aug  6 10:13:44 2019]
    Error in rule assemble:
        jobid: 7
        output: tmp_coli/ODN-E-coli-1_S1_contigs.fasta, tmp_coli/ODN-E-coli-1_S1.fastg

RuleException:
CalledProcessError in line 19 of /media/root/ocean/projects/ga/bracken_ribo_count/snakefiles/4_0_assembly.smk:
Command ' set -euo pipefail;  rnaspades.py  -1 tmp_coli/ODN-E-coli-1_S1_R1_001subs.fastq.gz -2 tmp_coli/ODN-E-coli-1_S1_R2_001subs.fastq.gz  -t 12 --only-assembler -o tmp_coli/ODN-E-coli-1_S1_contigs --tmp-dir tmp_coli; cp tmp_coli/ODN-E-coli-1_S1_contigs/transcripts.fasta tmp_coli/ODN-E-coli-1_S1_contigs.fasta; cp tmp_coli/ODN-E-coli-1_S1_contigs/assembly_graph.fastg tmp_coli/ODN-E-coli-1_S1.fastg ' returned non-zero exit status 1.
  File "/media/root/ocean/projects/ga/bracken_ribo_count/snakefiles/4_0_assembly.smk", line 19, in __rule_assemble
  File "/media/root/ocean/shared/bin/miniconda/envs/brc/lib/python3.6/concurrent/futures/thread.py", line 56, in run
    [Tue Aug  6 10:13:44 2019]
    Error in rule assemble:
        jobid: 2
        output: tmp_coli/V8-E-coli_S13_contigs.fasta, tmp_coli/V8-E-coli_S13.fastg

RuleException:
CalledProcessError in line 19 of /media/root/ocean/projects/ga/bracken_ribo_count/snakefiles/4_0_assembly.smk:
Command ' set -euo pipefail;  rnaspades.py  -1 tmp_coli/V8-E-coli_S13_R1_001subs.fastq.gz -2 tmp_coli/V8-E-coli_S13_R2_001subs.fastq.gz  -t 12 --only-assembler -o tmp_coli/V8-E-coli_S13_contigs --tmp-dir tmp_coli; cp tmp_coli/V8-E-coli_S13_contigs/transcripts.fasta tmp_coli/V8-E-coli_S13_contigs.fasta; cp tmp_coli/V8-E-coli_S13_contigs/assembly_graph.fastg tmp_coli/V8-E-coli_S13.fastg ' returned non-zero exit status 1.
  File "/media/root/ocean/projects/ga/bracken_ribo_count/snakefiles/4_0_assembly.smk", line 19, in __rule_assemble
  File "/media/root/ocean/shared/bin/miniconda/envs/brc/lib/python3.6/concurrent/futures/thread.py", line 56, in run
Complete log: /media/root/ocean/projects/ga/bracken_ribo_count/.snakemake/log/2019-08-06T101155.660134.snakemake.log
