Building DAG of jobs...
Using shell: /bin/bash
Provided cores: 1
Rules claiming more threads will be scaled down.
Job counts:
	count	jobs
	1	PolyAAnalysis_annotate
	1	PolyAAnalysis_trimm
	1	all
	1	clone_slimfastq
	6	fastqc
	1	generate_script_for_merging_files
	1	get_fastq1
	1	get_fastq2
	1	multiqc_pre
	1	multiqc_pro
	1	multiqc_pro_polyA
	1	sambamba_depth_region
	1	sambamba_index
	1	sambamba_sort
	1	star_alignment
	1	star_index
	1	trim_adapters
	22

[Mon Aug  5 14:02:25 2019]
rule star_index:
    input: datasets/small_dataset/references/GRCh38.primary_assembly.chr21_reduced.fa, datasets/small_dataset/references/gencode.v28.primary_assembly.annotation_chr21_reduced.gtf
    output: datasets/small_dataset/references/GRCh38.primary_assembly.chr21_reduced.fa_STAR_annotation
    log: output_small_dataset/LOGS/STAR/INDEX.log
    jobid: 10
    benchmark: benchmarks/star_index.log

[Mon Aug  5 14:02:25 2019]
Error in rule star_index:
    jobid: 10
    output: datasets/small_dataset/references/GRCh38.primary_assembly.chr21_reduced.fa_STAR_annotation
    log: output_small_dataset/LOGS/STAR/INDEX.log

RuleException:
CalledProcessError in line 27 of /media/root/ocean/projects/ga/bracken_ribo_count/snakefiles/4_0_alignment.smk:
Command ' set -euo pipefail;  if [ ! -d datasets/small_dataset/references/GRCh38.primary_assembly.chr21_reduced.fa_STAR_annotation ]; then  mkdir datasets/small_dataset/references/GRCh38.primary_assembly.chr21_reduced.fa_STAR_annotation; fi &&  STAR --runMode genomeGenerate --runThreadN 1  --genomeDir datasets/small_dataset/references/GRCh38.primary_assembly.chr21_reduced.fa_STAR_annotation --genomeFastaFiles datasets/small_dataset/references/GRCh38.primary_assembly.chr21_reduced.fa --sjdbGTFfile datasets/small_dataset/references/gencode.v28.primary_assembly.annotation_chr21_reduced.gtf 2> output_small_dataset/LOGS/STAR/INDEX.log ' returned non-zero exit status 127.
  File "/media/root/ocean/projects/ga/bracken_ribo_count/snakefiles/4_0_alignment.smk", line 27, in __rule_star_index
  File "/media/root/ocean/shared/bin/miniconda/envs/ngs_analysis2/lib/python3.6/concurrent/futures/thread.py", line 56, in run
Removing output files of failed job star_index since they might be corrupted:
datasets/small_dataset/references/GRCh38.primary_assembly.chr21_reduced.fa_STAR_annotation
Shutting down, this might take some time.
Exiting because a job execution failed. Look above for error message
Complete log: /media/root/ocean/projects/ga/bracken_ribo_count/.snakemake/log/2019-08-05T140225.132350.snakemake.log
