Building DAG of jobs...
Using shell: /bin/bash
Provided cores: 24
Rules claiming more threads will be scaled down.
Job counts:
	count	jobs
	1	all
	2	assemble
	3

[Mon Aug  5 14:48:17 2019]
rule assemble:
    input: tmp_coli/ODN-E-coli-1_S1_R1_001subs.fastq.gz, tmp_coli/ODN-E-coli-1_S1_R2_001subs.fastq.gz
    output: tmp_coli/ODN-E-coli-1_S1_contigs.fasta, tmp_coli/ODN-E-coli-1_S1.fastg
    jobid: 2
    benchmark: bench_coli/assemble_ODN-E-coli-1_S1.log
    wildcards: stem=ODN-E-coli-1_S1
    threads: 12


[Mon Aug  5 14:48:17 2019]
rule assemble:
    input: tmp_coli/ODN-E-coli-2_S2_R1_001subs.fastq.gz, tmp_coli/ODN-E-coli-2_S2_R2_001subs.fastq.gz
    output: tmp_coli/ODN-E-coli-2_S2_contigs.fasta, tmp_coli/ODN-E-coli-2_S2.fastg
    jobid: 1
    benchmark: bench_coli/assemble_ODN-E-coli-2_S2.log
    wildcards: stem=ODN-E-coli-2_S2
    threads: 12

Terminating processes on user request, this might take some time.
    [Mon Aug  5 14:56:07 2019]
    Error in rule assemble:
        jobid: 1
        output: tmp_coli/ODN-E-coli-2_S2_contigs.fasta, tmp_coli/ODN-E-coli-2_S2.fastg

RuleException:
CalledProcessError in line 19 of /media/root/ocean/projects/ga/bracken_ribo_count/snakefiles/4_0_assembly.smk:
Command ' set -euo pipefail;  spades.py -1 tmp_coli/ODN-E-coli-2_S2_R1_001subs.fastq.gz -2 tmp_coli/ODN-E-coli-2_S2_R2_001subs.fastq.gz -k 21,33,55,77,99,127 -t 12 --only-assembler --careful  -o tmp_coli/ODN-E-coli-2_S2_contigs --tmp-dir tmp_coli; cp tmp_coli/ODN-E-coli-2_S2_contigs/contigs.fasta tmp_coli/ODN-E-coli-2_S2_contigs.fasta; cp tmp_coli/ODN-E-coli-2_S2_contigs/assembly_graph.fastg tmp_coli/ODN-E-coli-2_S2.fastg ' returned non-zero exit status 1.
  File "/media/root/ocean/projects/ga/bracken_ribo_count/snakefiles/4_0_assembly.smk", line 19, in __rule_assemble
  File "/media/root/ocean/shared/bin/miniconda/envs/brc/lib/python3.6/concurrent/futures/thread.py", line 56, in run
    [Mon Aug  5 14:56:07 2019]
    Error in rule assemble:
        jobid: 2
        output: tmp_coli/ODN-E-coli-1_S1_contigs.fasta, tmp_coli/ODN-E-coli-1_S1.fastg

RuleException:
CalledProcessError in line 19 of /media/root/ocean/projects/ga/bracken_ribo_count/snakefiles/4_0_assembly.smk:
Command ' set -euo pipefail;  spades.py -1 tmp_coli/ODN-E-coli-1_S1_R1_001subs.fastq.gz -2 tmp_coli/ODN-E-coli-1_S1_R2_001subs.fastq.gz -k 21,33,55,77,99,127 -t 12 --only-assembler --careful  -o tmp_coli/ODN-E-coli-1_S1_contigs --tmp-dir tmp_coli; cp tmp_coli/ODN-E-coli-1_S1_contigs/contigs.fasta tmp_coli/ODN-E-coli-1_S1_contigs.fasta; cp tmp_coli/ODN-E-coli-1_S1_contigs/assembly_graph.fastg tmp_coli/ODN-E-coli-1_S1.fastg ' returned non-zero exit status 1.
  File "/media/root/ocean/projects/ga/bracken_ribo_count/snakefiles/4_0_assembly.smk", line 19, in __rule_assemble
  File "/media/root/ocean/shared/bin/miniconda/envs/brc/lib/python3.6/concurrent/futures/thread.py", line 56, in run
Complete log: /media/root/ocean/projects/ga/bracken_ribo_count/.snakemake/log/2019-08-05T144817.048442.snakemake.log
