Building DAG of jobs...
Using shell: /bin/bash
Provided cores: 24
Rules claiming more threads will be scaled down.
Job counts:
	count	jobs
	1	agregate_count
	1	all
	1	assemble
	1	count_reads
	1	cp_read_counts
	1	detect_rRNA
	2	fastqc
	1	filter_16S_having_reads
	1	filter_primer_sequence_having_reads
	1	generate_script_for_merging_files
	1	get_fastq1
	1	get_fastq2
	1	multiqc_pro
	1	subsample
	1	trim_adapters
	16

[Tue Aug  6 14:45:39 2019]
rule generate_script_for_merging_files:
    input: dependencies/slimfastq/slimfastq
    output: tmp_coli/ODN-E-coli-1_S1R1_input_list.sh, tmp_coli/ODN-E-coli-1_S1R2_input_list.sh
    jobid: 14
    wildcards: stem=ODN-E-coli-1_S1

[Tue Aug  6 14:45:40 2019]
Finished job 14.
1 of 16 steps (6%) done

[Tue Aug  6 14:45:40 2019]
rule get_fastq1:
    input: tmp_coli/ODN-E-coli-1_S1R1_input_list.sh
    output: tmp_coli/ODN-E-coli-1_S1_R1_001.fastq.gz
    jobid: 11
    wildcards: stem=ODN-E-coli-1_S1


[Tue Aug  6 14:45:40 2019]
rule get_fastq2:
    input: tmp_coli/ODN-E-coli-1_S1R2_input_list.sh
    output: tmp_coli/ODN-E-coli-1_S1_R2_001.fastq.gz
    jobid: 12
    wildcards: stem=ODN-E-coli-1_S1

[Tue Aug  6 14:46:17 2019]
Finished job 11.
2 of 16 steps (12%) done
[Tue Aug  6 14:46:18 2019]
Finished job 12.
3 of 16 steps (19%) done

[Tue Aug  6 14:46:18 2019]
rule trim_adapters:
    input: tmp_coli/ODN-E-coli-1_S1_R1_001.fastq.gz, tmp_coli/ODN-E-coli-1_S1_R2_001.fastq.gz
    output: output_coli/LOGS/BBDUK/ODN-E-coli-1_S1_contamination.log, tmp_coli/ODN-E-coli-1_S1_R1_001Trimmed.fastq.gz, tmp_coli/ODN-E-coli-1_S1_R2_001Trimmed.fastq.gz
    log: output_coli/LOGS/BBDUK/trimming_ODN-E-coli-1_S1.log
    jobid: 9
    benchmark: benchmarks/trimming_ODN-E-coli-1_S1.log
    wildcards: stem=ODN-E-coli-1_S1
    threads: 8

[Tue Aug  6 14:46:30 2019]
Finished job 9.
4 of 16 steps (25%) done

[Tue Aug  6 14:46:30 2019]
rule count_reads:
    input: tmp_coli/ODN-E-coli-1_S1_R1_001.fastq.gz, tmp_coli/ODN-E-coli-1_S1_R1_001Trimmed.fastq.gz
    output: tmp_coli/ODN-E-coli-1_S1_read_counts.txt
    jobid: 15
    benchmark: benchmarks/ODN-E-coli-1_S1_count_reads.log
    wildcards: stem=ODN-E-coli-1_S1


[Tue Aug  6 14:46:30 2019]
rule fastqc:
    input: tmp_coli/ODN-E-coli-1_S1_R1_001Trimmed.fastq.gz
    output: output_coli/fastqc_report_htmls_zips/ODN-E-coli-1_S1_R1_001Trimmed_fastqc.zip, output_coli/fastqc_report_htmls_zips/ODN-E-coli-1_S1_R1_001Trimmed_fastqc.html
    log: output_coli/LOGS/FASTQC/ODN-E-coli-1_S1_R1_001Trimmed.log
    jobid: 7
    benchmark: benchmarks/fastqc_ODN-E-coli-1_S1_R1_001Trimmed.log
    wildcards: stem=ODN-E-coli-1_S1_R1_001Trimmed


[Tue Aug  6 14:46:30 2019]
rule fastqc:
    input: tmp_coli/ODN-E-coli-1_S1_R2_001Trimmed.fastq.gz
    output: output_coli/fastqc_report_htmls_zips/ODN-E-coli-1_S1_R2_001Trimmed_fastqc.zip, output_coli/fastqc_report_htmls_zips/ODN-E-coli-1_S1_R2_001Trimmed_fastqc.html
    log: output_coli/LOGS/FASTQC/ODN-E-coli-1_S1_R2_001Trimmed.log
    jobid: 6
    benchmark: benchmarks/fastqc_ODN-E-coli-1_S1_R2_001Trimmed.log
    wildcards: stem=ODN-E-coli-1_S1_R2_001Trimmed

[Tue Aug  6 14:46:37 2019]
Finished job 15.
5 of 16 steps (31%) done

[Tue Aug  6 14:46:37 2019]
rule agregate_count:
    input: tmp_coli/ODN-E-coli-1_S1_read_counts.txt
    output: tmp_coli/read_counts.txt
    jobid: 13

[Tue Aug  6 14:46:37 2019]
Finished job 13.
6 of 16 steps (38%) done

[Tue Aug  6 14:46:37 2019]
rule cp_read_counts:
    input: tmp_coli/read_counts.txt
    output: output_coli/read_counts.txt
    jobid: 10

[Tue Aug  6 14:46:37 2019]
Finished job 10.
7 of 16 steps (44%) done

[Tue Aug  6 14:46:37 2019]
rule subsample:
    input: tmp_coli/ODN-E-coli-1_S1_R1_001Trimmed.fastq.gz, tmp_coli/ODN-E-coli-1_S1_R2_001Trimmed.fastq.gz, output_coli/read_counts.txt
    output: tmp_coli/ODN-E-coli-1_S1_R1_001subs.fastq.gz, tmp_coli/ODN-E-coli-1_S1_R2_001subs.fastq.gz
    log: output_coli/LOGS/SEQTK/R1/ODN-E-coli-1_S1.log, output_coli/LOGS/SEQTK/R2/ODN-E-coli-1_S1.log
    jobid: 8
    benchmark: benchmarks/ODN-E-coli-1_S1_subsampling.log
    wildcards: stem=ODN-E-coli-1_S1
    threads: 4

[Tue Aug  6 14:46:52 2019]
Finished job 6.
8 of 16 steps (50%) done
[Tue Aug  6 14:46:59 2019]
Finished job 7.
9 of 16 steps (56%) done

[Tue Aug  6 14:46:59 2019]
rule multiqc_pro:
    input: output_coli/fastqc_report_htmls_zips/ODN-E-coli-1_S1_R1_001Trimmed_fastqc.zip, output_coli/fastqc_report_htmls_zips/ODN-E-coli-1_S1_R2_001Trimmed_fastqc.zip
    output: output_coli/MULTIQC/fastqc_report_trimmed_reads.html, output_coli/MULTIQC/fastqc_report_trimmed_reads_data
    jobid: 3
    benchmark: benchmarks/multi_qc.log

Removing temporary output file tmp_coli/ODN-E-coli-1_S1_R2_001Trimmed.fastq.gz.
Removing temporary output file tmp_coli/ODN-E-coli-1_S1_R1_001Trimmed.fastq.gz.
[Tue Aug  6 14:47:08 2019]
Finished job 8.
10 of 16 steps (62%) done

[Tue Aug  6 14:47:08 2019]
rule filter_primer_sequence_having_reads:
    input: tmp_coli/ODN-E-coli-1_S1_R1_001subs.fastq.gz, tmp_coli/ODN-E-coli-1_S1_R2_001subs.fastq.gz
    output: output_coli/LOGS/BBDUK/ODN-E-coli-1_S1_filteringbasedonR1.log, tmp_coli/ODN-E-coli-1_S1_R1_001filtered.fastq.gz, tmp_coli/ODN-E-coli-1_S1_R2_001filtered.fastq.gz
    log: output_coli/LOGS/filteringR1_ODN-E-coli-1_S1.log
    jobid: 4
    benchmark: benchmarks/filteringR1_ODN-E-coli-1_S1.log
    wildcards: stem=ODN-E-coli-1_S1
    threads: 8

Removing temporary output file tmp_coli/ODN-E-coli-1_S1_R2_001subs.fastq.gz.
Removing temporary output file tmp_coli/ODN-E-coli-1_S1_R1_001subs.fastq.gz.
[Tue Aug  6 14:47:17 2019]
Finished job 4.
11 of 16 steps (69%) done

[Tue Aug  6 14:47:17 2019]
rule filter_16S_having_reads:
    input: tmp_coli/ODN-E-coli-1_S1_R1_001filtered.fastq.gz, tmp_coli/ODN-E-coli-1_S1_R2_001filtered.fastq.gz
    output: output_coli/LOGS/BBDUK/ODN-E-coli-1_S1_filtering16s.log, tmp_coli/ODN-E-coli-1_S1_R1_001filtered16s.fastq.gz, tmp_coli/ODN-E-coli-1_S1_R2_001filtered16s.fastq.gz
    log: output_coli/LOGS/filtering16s_ODN-E-coli-1_S1.log
    jobid: 5
    benchmark: benchmarks/filtering16s_ODN-E-coli-1_S1.log
    wildcards: stem=ODN-E-coli-1_S1
    threads: 8

[Tue Aug  6 14:47:19 2019]
Finished job 3.
12 of 16 steps (75%) done
Removing temporary output file tmp_coli/ODN-E-coli-1_S1_R2_001filtered.fastq.gz.
[Tue Aug  6 14:48:26 2019]
Finished job 5.
13 of 16 steps (81%) done

[Tue Aug  6 14:48:26 2019]
rule assemble:
    input: tmp_coli/ODN-E-coli-1_S1_R1_001filtered16s.fastq.gz, tmp_coli/ODN-E-coli-1_S1_R2_001filtered16s.fastq.gz
    output: tmp_coli/ODN-E-coli-1_S1_contigs.fasta, tmp_coli/ODN-E-coli-1_S1.fastg
    jobid: 2
    benchmark: bench_coli/assemble_ODN-E-coli-1_S1.log
    wildcards: stem=ODN-E-coli-1_S1
    threads: 12

    [Tue Aug  6 14:49:30 2019]
    Error in rule assemble:
        jobid: 2
        output: tmp_coli/ODN-E-coli-1_S1_contigs.fasta, tmp_coli/ODN-E-coli-1_S1.fastg

RuleException:
CalledProcessError in line 19 of /media/root/ocean/projects/ga/bracken_ribo_count/snakefiles/4_0_assembly.smk:
Command ' set -euo pipefail;  spades.py  --meta -1 tmp_coli/ODN-E-coli-1_S1_R1_001filtered16s.fastq.gz -2 tmp_coli/ODN-E-coli-1_S1_R2_001filtered16s.fastq.gz  -t 12 --only-assembler -o tmp_coli/ODN-E-coli-1_S1_contigs --tmp-dir tmp_coli; cp tmp_coli/ODN-E-coli-1_S1_contigs/transcripts.fasta tmp_coli/ODN-E-coli-1_S1_contigs.fasta; cp tmp_coli/ODN-E-coli-1_S1_contigs/assembly_graph.fastg tmp_coli/ODN-E-coli-1_S1.fastg ' returned non-zero exit status 1.
  File "/media/root/ocean/projects/ga/bracken_ribo_count/snakefiles/4_0_assembly.smk", line 19, in __rule_assemble
  File "/media/root/ocean/shared/bin/miniconda/envs/brc/lib/python3.6/concurrent/futures/thread.py", line 56, in run
Shutting down, this might take some time.
Exiting because a job execution failed. Look above for error message
Complete log: /media/root/ocean/projects/ga/bracken_ribo_count/.snakemake/log/2019-08-06T144539.317633.snakemake.log
