Building DAG of jobs...
Using shell: /bin/bash
Provided cores: 24
Rules claiming more threads will be scaled down.
Job counts:
	count	jobs
	1	all
	1	assemble
	1	detect_rRNA
	1	filter_size
	1	merge_reads
	5

[Wed Aug  7 11:54:33 2019]
rule merge_reads:
    input: tmp_coli/ODN-E-coli-1_S1_R1_001subs.fastq.gz, tmp_coli/ODN-E-coli-1_S1_R2_001subs.fastq.gz
    output: output_coli/LOGS/BBDUK/ODN-E-coli-1_S1_mering_reads.log, tmp_coli/ODN-E-coli-1_S1_R1_001unmerged.fastq.gz, tmp_coli/ODN-E-coli-1_S1_R2_001unmerged.fastq.gz, tmp_coli/ODN-E-coli-1_S1_001merged.fastq.gz
    log: output_coli/LOGS/filteringR1_ODN-E-coli-1_S1.log
    jobid: 9
    benchmark: benchmarks/filteringR1_ODN-E-coli-1_S1.log
    wildcards: stem=ODN-E-coli-1_S1
    threads: 8

RuleException in line 58 of /media/root/ocean/projects/ga/bracken_ribo_count/snakefiles/4_0_assembly.smk:
IndexError: list index out of range
