Building DAG of jobs...
Using shell: /bin/bash
Provided cores: 24
Rules claiming more threads will be scaled down.
Job counts:
	count	jobs
	1	all
	2	assemble
	2	detect_rRNA
	5

[Tue Aug  6 10:22:37 2019]
rule assemble:
    input: tmp_coli/V8-E-coli_S13_R1_001subs.fastq.gz, tmp_coli/V8-E-coli_S13_R2_001subs.fastq.gz
    output: tmp_coli/V8-E-coli_S13_contigs.fasta, tmp_coli/V8-E-coli_S13.fastg
    jobid: 4
    benchmark: bench_coli/assemble_V8-E-coli_S13.log
    wildcards: stem=V8-E-coli_S13
    threads: 12


[Tue Aug  6 10:22:37 2019]
rule assemble:
    input: tmp_coli/ODN-E-coli-1_S1_R1_001subs.fastq.gz, tmp_coli/ODN-E-coli-1_S1_R2_001subs.fastq.gz
    output: tmp_coli/ODN-E-coli-1_S1_contigs.fasta, tmp_coli/ODN-E-coli-1_S1.fastg
    jobid: 7
    benchmark: bench_coli/assemble_ODN-E-coli-1_S1.log
    wildcards: stem=ODN-E-coli-1_S1
    threads: 12

[Tue Aug  6 10:26:14 2019]
Finished job 4.
1 of 5 steps (20%) done

[Tue Aug  6 10:26:14 2019]
rule detect_rRNA:
    input: tmp_coli/V8-E-coli_S13_contigs.fasta
    output: tmp_coli/V8-E-coli_S13_contigs_rRNA.gtf
    log: tmp_coli/V8-E-coli_S13_contigs_rRNA.log
    jobid: 1
    wildcards: stem=V8-E-coli_S13
    threads: 12

[Tue Aug  6 10:26:16 2019]
Finished job 1.
2 of 5 steps (40%) done
[Tue Aug  6 10:32:48 2019]
Finished job 7.
3 of 5 steps (60%) done

[Tue Aug  6 10:32:48 2019]
rule detect_rRNA:
    input: tmp_coli/ODN-E-coli-1_S1_contigs.fasta
    output: tmp_coli/ODN-E-coli-1_S1_contigs_rRNA.gtf
    log: tmp_coli/ODN-E-coli-1_S1_contigs_rRNA.log
    jobid: 2
    wildcards: stem=ODN-E-coli-1_S1
    threads: 12

[Tue Aug  6 10:32:52 2019]
Finished job 2.
4 of 5 steps (80%) done

[Tue Aug  6 10:32:52 2019]
localrule all:
    input: output_coli/MULTIQC/fastqc_report_trimmed_reads.html, tmp_coli/ODN-E-coli-1_S1_contigs.fasta, tmp_coli/V8-E-coli_S13_contigs.fasta, tmp_coli/ODN-E-coli-1_S1_contigs_rRNA.gtf, tmp_coli/V8-E-coli_S13_contigs_rRNA.gtf, tmp_coli/ODN-E-coli-1_S1_R1_001filtered.fastq.gz, tmp_coli/V8-E-coli_S13_R1_001filtered.fastq.gz
    jobid: 0

[Tue Aug  6 10:32:52 2019]
Finished job 0.
5 of 5 steps (100%) done
Complete log: /media/root/ocean/projects/ga/bracken_ribo_count/.snakemake/log/2019-08-06T102236.942417.snakemake.log
